<?xml version="1.0" encoding="UTF-8"?>
<testsuite xmlns:xsi="http://www.w3.org/2001/XMLSchema-instance" xsi:noNamespaceSchemaLocation="https://maven.apache.org/surefire/maven-surefire-plugin/xsd/surefire-test-report.xsd" version="3.0.2" name="LoginTest" time="121.513" tests="4" errors="0" skipped="0" failures="0">
  <properties>
    <property name="sun.desktop" value="windows"/>
    <property name="awt.toolkit" value="sun.awt.windows.WToolkit"/>
    <property name="java.specification.version" value="11"/>
    <property name="sun.cpu.isalist" value="amd64"/>
    <property name="sun.jnu.encoding" value="Cp1251"/>
    <property name="java.class.path" value="C:\Diplom\Diplom_3\target\test-classes;C:\Diplom\Diplom_3\target\classes;C:\Users\Евгений\.m2\repository\junit\junit\4.13.2\junit-4.13.2.jar;C:\Users\Евгений\.m2\repository\org\hamcrest\hamcrest-core\1.3\hamcrest-core-1.3.jar;C:\Users\Евгений\.m2\repository\org\seleniumhq\selenium\selenium-chrome-driver\4.22.0\selenium-chrome-driver-4.22.0.jar;C:\Users\Евгений\.m2\repository\com\google\auto\service\auto-service-annotations\1.1.1\auto-service-annotations-1.1.1.jar;C:\Users\Евгений\.m2\repository\org\seleniumhq\selenium\selenium-api\4.22.0\selenium-api-4.22.0.jar;C:\Users\Евгений\.m2\repository\org\seleniumhq\selenium\selenium-chromium-driver\4.22.0\selenium-chromium-driver-4.22.0.jar;C:\Users\Евгений\.m2\repository\org\seleniumhq\selenium\selenium-json\4.22.0\selenium-json-4.22.0.jar;C:\Users\Евгений\.m2\repository\org\seleniumhq\selenium\selenium-manager\4.22.0\selenium-manager-4.22.0.jar;C:\Users\Евгений\.m2\repository\org\seleniumhq\selenium\selenium-os\4.22.0\selenium-os-4.22.0.jar;C:\Users\Евгений\.m2\repository\org\apache\commons\commons-exec\1.4.0\commons-exec-1.4.0.jar;C:\Users\Евгений\.m2\repository\org\seleniumhq\selenium\selenium-remote-driver\4.22.0\selenium-remote-driver-4.22.0.jar;C:\Users\Евгений\.m2\repository\com\google\guava\guava\33.2.1-jre\guava-33.2.1-jre.jar;C:\Users\Евгений\.m2\repository\com\google\guava\failureaccess\1.0.2\failureaccess-1.0.2.jar;C:\Users\Евгений\.m2\repository\com\google\guava\listenablefuture\9999.0-empty-to-avoid-conflict-with-guava\listenablefuture-9999.0-empty-to-avoid-conflict-with-guava.jar;C:\Users\Евгений\.m2\repository\com\google\code\findbugs\jsr305\3.0.2\jsr305-3.0.2.jar;C:\Users\Евгений\.m2\repository\org\checkerframework\checker-qual\3.42.0\checker-qual-3.42.0.jar;C:\Users\Евгений\.m2\repository\com\google\j2objc\j2objc-annotations\3.0.0\j2objc-annotations-3.0.0.jar;C:\Users\Евгений\.m2\repository\io\opentelemetry\semconv\opentelemetry-semconv\1.25.0-alpha\opentelemetry-semconv-1.25.0-alpha.jar;C:\Users\Евгений\.m2\repository\io\opentelemetry\opentelemetry-api\1.39.0\opentelemetry-api-1.39.0.jar;C:\Users\Евгений\.m2\repository\io\opentelemetry\opentelemetry-context\1.39.0\opentelemetry-context-1.39.0.jar;C:\Users\Евгений\.m2\repository\io\opentelemetry\opentelemetry-exporter-logging\1.39.0\opentelemetry-exporter-logging-1.39.0.jar;C:\Users\Евгений\.m2\repository\io\opentelemetry\opentelemetry-sdk-common\1.39.0\opentelemetry-sdk-common-1.39.0.jar;C:\Users\Евгений\.m2\repository\io\opentelemetry\opentelemetry-sdk-extension-autoconfigure-spi\1.39.0\opentelemetry-sdk-extension-autoconfigure-spi-1.39.0.jar;C:\Users\Евгений\.m2\repository\io\opentelemetry\opentelemetry-sdk-extension-autoconfigure\1.39.0\opentelemetry-sdk-extension-autoconfigure-1.39.0.jar;C:\Users\Евгений\.m2\repository\io\opentelemetry\opentelemetry-api-incubator\1.39.0-alpha\opentelemetry-api-incubator-1.39.0-alpha.jar;C:\Users\Евгений\.m2\repository\io\opentelemetry\opentelemetry-sdk-trace\1.39.0\opentelemetry-sdk-trace-1.39.0.jar;C:\Users\Евгений\.m2\repository\io\opentelemetry\opentelemetry-sdk\1.39.0\opentelemetry-sdk-1.39.0.jar;C:\Users\Евгений\.m2\repository\io\opentelemetry\opentelemetry-sdk-metrics\1.39.0\opentelemetry-sdk-metrics-1.39.0.jar;C:\Users\Евгений\.m2\repository\io\opentelemetry\opentelemetry-sdk-logs\1.39.0\opentelemetry-sdk-logs-1.39.0.jar;C:\Users\Евгений\.m2\repository\net\bytebuddy\byte-buddy\1.14.17\byte-buddy-1.14.17.jar;C:\Users\Евгений\.m2\repository\org\seleniumhq\selenium\selenium-http\4.22.0\selenium-http-4.22.0.jar;C:\Users\Евгений\.m2\repository\dev\failsafe\failsafe\3.3.2\failsafe-3.3.2.jar;C:\Users\Евгений\.m2\repository\org\seleniumhq\selenium\selenium-java\4.22.0\selenium-java-4.22.0.jar;C:\Users\Евгений\.m2\repository\org\seleniumhq\selenium\selenium-devtools-v124\4.22.0\selenium-devtools-v124-4.22.0.jar;C:\Users\Евгений\.m2\repository\org\seleniumhq\selenium\selenium-devtools-v125\4.22.0\selenium-devtools-v125-4.22.0.jar;C:\Users\Евгений\.m2\repository\org\seleniumhq\selenium\selenium-devtools-v126\4.22.0\selenium-devtools-v126-4.22.0.jar;C:\Users\Евгений\.m2\repository\org\seleniumhq\selenium\selenium-devtools-v85\4.22.0\selenium-devtools-v85-4.22.0.jar;C:\Users\Евгений\.m2\repository\org\seleniumhq\selenium\selenium-edge-driver\4.22.0\selenium-edge-driver-4.22.0.jar;C:\Users\Евгений\.m2\repository\org\seleniumhq\selenium\selenium-firefox-driver\4.22.0\selenium-firefox-driver-4.22.0.jar;C:\Users\Евгений\.m2\repository\org\seleniumhq\selenium\selenium-ie-driver\4.22.0\selenium-ie-driver-4.22.0.jar;C:\Users\Евгений\.m2\repository\org\seleniumhq\selenium\selenium-safari-driver\4.22.0\selenium-safari-driver-4.22.0.jar;C:\Users\Евгений\.m2\repository\org\seleniumhq\selenium\selenium-support\4.22.0\selenium-support-4.22.0.jar;C:\Users\Евгений\.m2\repository\io\github\bonigarcia\webdrivermanager\5.8.0\webdrivermanager-5.8.0.jar;C:\Users\Евгений\.m2\repository\com\github\docker-java\docker-java\3.3.6\docker-java-3.3.6.jar;C:\Users\Евгений\.m2\repository\com\github\docker-java\docker-java-core\3.3.6\docker-java-core-3.3.6.jar;C:\Users\Евгений\.m2\repository\com\github\docker-java\docker-java-api\3.3.6\docker-java-api-3.3.6.jar;C:\Users\Евгений\.m2\repository\com\fasterxml\jackson\core\jackson-annotations\2.10.3\jackson-annotations-2.10.3.jar;C:\Users\Евгений\.m2\repository\com\fasterxml\jackson\core\jackson-databind\2.10.3\jackson-databind-2.10.3.jar;C:\Users\Евгений\.m2\repository\com\fasterxml\jackson\core\jackson-core\2.10.3\jackson-core-2.10.3.jar;C:\Users\Евгений\.m2\repository\org\bouncycastle\bcpkix-jdk18on\1.76\bcpkix-jdk18on-1.76.jar;C:\Users\Евгений\.m2\repository\org\bouncycastle\bcprov-jdk18on\1.76\bcprov-jdk18on-1.76.jar;C:\Users\Евгений\.m2\repository\org\bouncycastle\bcutil-jdk18on\1.76\bcutil-jdk18on-1.76.jar;C:\Users\Евгений\.m2\repository\org\slf4j\jcl-over-slf4j\1.7.30\jcl-over-slf4j-1.7.30.jar;C:\Users\Евгений\.m2\repository\com\github\docker-java\docker-java-transport-httpclient5\3.3.6\docker-java-transport-httpclient5-3.3.6.jar;C:\Users\Евгений\.m2\repository\com\github\docker-java\docker-java-transport\3.3.6\docker-java-transport-3.3.6.jar;C:\Users\Евгений\.m2\repository\net\java\dev\jna\jna\5.13.0\jna-5.13.0.jar;C:\Users\Евгений\.m2\repository\org\brotli\dec\0.1.2\dec-0.1.2.jar;C:\Users\Евгений\.m2\repository\org\apache\commons\commons-compress\1.26.1\commons-compress-1.26.1.jar;C:\Users\Евгений\.m2\repository\commons-codec\commons-codec\1.16.1\commons-codec-1.16.1.jar;C:\Users\Евгений\.m2\repository\commons-io\commons-io\2.15.1\commons-io-2.15.1.jar;C:\Users\Евгений\.m2\repository\org\apache\httpcomponents\client5\httpclient5\5.2.1\httpclient5-5.2.1.jar;C:\Users\Евгений\.m2\repository\org\apache\httpcomponents\core5\httpcore5\5.2\httpcore5-5.2.jar;C:\Users\Евгений\.m2\repository\org\apache\httpcomponents\core5\httpcore5-h2\5.2\httpcore5-h2-5.2.jar;C:\Users\Евгений\.m2\repository\io\qameta\allure\allure-junit4\2.28.0\allure-junit4-2.28.0.jar;C:\Users\Евгений\.m2\repository\io\qameta\allure\allure-java-commons\2.28.0\allure-java-commons-2.28.0.jar;C:\Users\Евгений\.m2\repository\io\qameta\allure\allure-model\2.28.0\allure-model-2.28.0.jar;C:\Users\Евгений\.m2\repository\io\qameta\allure\allure-test-filter\2.28.0\allure-test-filter-2.28.0.jar;C:\Users\Евгений\.m2\repository\io\qameta\allure\allure-rest-assured\2.28.0\allure-rest-assured-2.28.0.jar;C:\Users\Евгений\.m2\repository\io\qameta\allure\allure-attachments\2.28.0\allure-attachments-2.28.0.jar;C:\Users\Евгений\.m2\repository\org\freemarker\freemarker\2.3.33\freemarker-2.3.33.jar;C:\Users\Евгений\.m2\repository\io\rest-assured\rest-assured\5.5.0\rest-assured-5.5.0.jar;C:\Users\Евгений\.m2\repository\org\apache\groovy\groovy\4.0.22\groovy-4.0.22.jar;C:\Users\Евгений\.m2\repository\org\apache\groovy\groovy-xml\4.0.22\groovy-xml-4.0.22.jar;C:\Users\Евгений\.m2\repository\org\apache\httpcomponents\httpclient\4.5.13\httpclient-4.5.13.jar;C:\Users\Евгений\.m2\repository\org\apache\httpcomponents\httpcore\4.4.13\httpcore-4.4.13.jar;C:\Users\Евгений\.m2\repository\commons-logging\commons-logging\1.2\commons-logging-1.2.jar;C:\Users\Евгений\.m2\repository\org\apache\httpcomponents\httpmime\4.5.13\httpmime-4.5.13.jar;C:\Users\Евгений\.m2\repository\org\hamcrest\hamcrest\2.2\hamcrest-2.2.jar;C:\Users\Евгений\.m2\repository\org\ccil\cowan\tagsoup\tagsoup\1.2.1\tagsoup-1.2.1.jar;C:\Users\Евгений\.m2\repository\io\rest-assured\json-path\5.5.0\json-path-5.5.0.jar;C:\Users\Евгений\.m2\repository\org\apache\groovy\groovy-json\4.0.22\groovy-json-4.0.22.jar;C:\Users\Евгений\.m2\repository\io\rest-assured\rest-assured-common\5.5.0\rest-assured-common-5.5.0.jar;C:\Users\Евгений\.m2\repository\io\rest-assured\xml-path\5.5.0\xml-path-5.5.0.jar;C:\Users\Евгений\.m2\repository\com\google\code\gson\gson\2.11.0\gson-2.11.0.jar;C:\Users\Евгений\.m2\repository\com\google\errorprone\error_prone_annotations\2.27.0\error_prone_annotations-2.27.0.jar;C:\Users\Евгений\.m2\repository\org\projectlombok\lombok\1.18.34\lombok-1.18.34.jar;C:\Users\Евгений\.m2\repository\org\slf4j\slf4j-api\2.0.13\slf4j-api-2.0.13.jar;C:\Users\Евгений\.m2\repository\ch\qos\logback\logback-classic\1.5.6\logback-classic-1.5.6.jar;C:\Users\Евгений\.m2\repository\ch\qos\logback\logback-core\1.5.6\logback-core-1.5.6.jar;C:\Users\Евгений\.m2\repository\org\apache\commons\commons-lang3\3.15.0\commons-lang3-3.15.0.jar;"/>
    <property name="java.vm.vendor" value="Amazon.com Inc."/>
    <property name="sun.arch.data.model" value="64"/>
    <property name="user.variant" value=""/>
    <property name="java.vendor.url" value="https://aws.amazon.com/corretto/"/>
    <property name="user.timezone" value="Europe/Moscow"/>
    <property name="property" value=""/>
    <property name="java.vm.specification.version" value="11"/>
    <property name="os.name" value="Windows 10"/>
    <property name="sun.java.launcher" value="SUN_STANDARD"/>
    <property name="user.country" value="RU"/>
    <property name="sun.boot.library.path" value="C:\Program Files\Amazon Corretto\jdk11.0.23_9\bin"/>
    <property name="sun.java.command" value="C:\Users\Евгений\AppData\Local\Temp\surefire13164090083258997313\surefirebooter-20240905180848398_3.jar C:\Users\Евгений\AppData\Local\Temp\surefire13164090083258997313 2024-09-05T18-08-45_637-jvmRun1 surefire-20240905180848398_1tmp surefire_0-20240905180848398_2tmp"/>
    <property name="jdk.debug" value="release"/>
    <property name="surefire.test.class.path" value="C:\Diplom\Diplom_3\target\test-classes;C:\Diplom\Diplom_3\target\classes;C:\Users\Евгений\.m2\repository\junit\junit\4.13.2\junit-4.13.2.jar;C:\Users\Евгений\.m2\repository\org\hamcrest\hamcrest-core\1.3\hamcrest-core-1.3.jar;C:\Users\Евгений\.m2\repository\org\seleniumhq\selenium\selenium-chrome-driver\4.22.0\selenium-chrome-driver-4.22.0.jar;C:\Users\Евгений\.m2\repository\com\google\auto\service\auto-service-annotations\1.1.1\auto-service-annotations-1.1.1.jar;C:\Users\Евгений\.m2\repository\org\seleniumhq\selenium\selenium-api\4.22.0\selenium-api-4.22.0.jar;C:\Users\Евгений\.m2\repository\org\seleniumhq\selenium\selenium-chromium-driver\4.22.0\selenium-chromium-driver-4.22.0.jar;C:\Users\Евгений\.m2\repository\org\seleniumhq\selenium\selenium-json\4.22.0\selenium-json-4.22.0.jar;C:\Users\Евгений\.m2\repository\org\seleniumhq\selenium\selenium-manager\4.22.0\selenium-manager-4.22.0.jar;C:\Users\Евгений\.m2\repository\org\seleniumhq\selenium\selenium-os\4.22.0\selenium-os-4.22.0.jar;C:\Users\Евгений\.m2\repository\org\apache\commons\commons-exec\1.4.0\commons-exec-1.4.0.jar;C:\Users\Евгений\.m2\repository\org\seleniumhq\selenium\selenium-remote-driver\4.22.0\selenium-remote-driver-4.22.0.jar;C:\Users\Евгений\.m2\repository\com\google\guava\guava\33.2.1-jre\guava-33.2.1-jre.jar;C:\Users\Евгений\.m2\repository\com\google\guava\failureaccess\1.0.2\failureaccess-1.0.2.jar;C:\Users\Евгений\.m2\repository\com\google\guava\listenablefuture\9999.0-empty-to-avoid-conflict-with-guava\listenablefuture-9999.0-empty-to-avoid-conflict-with-guava.jar;C:\Users\Евгений\.m2\repository\com\google\code\findbugs\jsr305\3.0.2\jsr305-3.0.2.jar;C:\Users\Евгений\.m2\repository\org\checkerframework\checker-qual\3.42.0\checker-qual-3.42.0.jar;C:\Users\Евгений\.m2\repository\com\google\j2objc\j2objc-annotations\3.0.0\j2objc-annotations-3.0.0.jar;C:\Users\Евгений\.m2\repository\io\opentelemetry\semconv\opentelemetry-semconv\1.25.0-alpha\opentelemetry-semconv-1.25.0-alpha.jar;C:\Users\Евгений\.m2\repository\io\opentelemetry\opentelemetry-api\1.39.0\opentelemetry-api-1.39.0.jar;C:\Users\Евгений\.m2\repository\io\opentelemetry\opentelemetry-context\1.39.0\opentelemetry-context-1.39.0.jar;C:\Users\Евгений\.m2\repository\io\opentelemetry\opentelemetry-exporter-logging\1.39.0\opentelemetry-exporter-logging-1.39.0.jar;C:\Users\Евгений\.m2\repository\io\opentelemetry\opentelemetry-sdk-common\1.39.0\opentelemetry-sdk-common-1.39.0.jar;C:\Users\Евгений\.m2\repository\io\opentelemetry\opentelemetry-sdk-extension-autoconfigure-spi\1.39.0\opentelemetry-sdk-extension-autoconfigure-spi-1.39.0.jar;C:\Users\Евгений\.m2\repository\io\opentelemetry\opentelemetry-sdk-extension-autoconfigure\1.39.0\opentelemetry-sdk-extension-autoconfigure-1.39.0.jar;C:\Users\Евгений\.m2\repository\io\opentelemetry\opentelemetry-api-incubator\1.39.0-alpha\opentelemetry-api-incubator-1.39.0-alpha.jar;C:\Users\Евгений\.m2\repository\io\opentelemetry\opentelemetry-sdk-trace\1.39.0\opentelemetry-sdk-trace-1.39.0.jar;C:\Users\Евгений\.m2\repository\io\opentelemetry\opentelemetry-sdk\1.39.0\opentelemetry-sdk-1.39.0.jar;C:\Users\Евгений\.m2\repository\io\opentelemetry\opentelemetry-sdk-metrics\1.39.0\opentelemetry-sdk-metrics-1.39.0.jar;C:\Users\Евгений\.m2\repository\io\opentelemetry\opentelemetry-sdk-logs\1.39.0\opentelemetry-sdk-logs-1.39.0.jar;C:\Users\Евгений\.m2\repository\net\bytebuddy\byte-buddy\1.14.17\byte-buddy-1.14.17.jar;C:\Users\Евгений\.m2\repository\org\seleniumhq\selenium\selenium-http\4.22.0\selenium-http-4.22.0.jar;C:\Users\Евгений\.m2\repository\dev\failsafe\failsafe\3.3.2\failsafe-3.3.2.jar;C:\Users\Евгений\.m2\repository\org\seleniumhq\selenium\selenium-java\4.22.0\selenium-java-4.22.0.jar;C:\Users\Евгений\.m2\repository\org\seleniumhq\selenium\selenium-devtools-v124\4.22.0\selenium-devtools-v124-4.22.0.jar;C:\Users\Евгений\.m2\repository\org\seleniumhq\selenium\selenium-devtools-v125\4.22.0\selenium-devtools-v125-4.22.0.jar;C:\Users\Евгений\.m2\repository\org\seleniumhq\selenium\selenium-devtools-v126\4.22.0\selenium-devtools-v126-4.22.0.jar;C:\Users\Евгений\.m2\repository\org\seleniumhq\selenium\selenium-devtools-v85\4.22.0\selenium-devtools-v85-4.22.0.jar;C:\Users\Евгений\.m2\repository\org\seleniumhq\selenium\selenium-edge-driver\4.22.0\selenium-edge-driver-4.22.0.jar;C:\Users\Евгений\.m2\repository\org\seleniumhq\selenium\selenium-firefox-driver\4.22.0\selenium-firefox-driver-4.22.0.jar;C:\Users\Евгений\.m2\repository\org\seleniumhq\selenium\selenium-ie-driver\4.22.0\selenium-ie-driver-4.22.0.jar;C:\Users\Евгений\.m2\repository\org\seleniumhq\selenium\selenium-safari-driver\4.22.0\selenium-safari-driver-4.22.0.jar;C:\Users\Евгений\.m2\repository\org\seleniumhq\selenium\selenium-support\4.22.0\selenium-support-4.22.0.jar;C:\Users\Евгений\.m2\repository\io\github\bonigarcia\webdrivermanager\5.8.0\webdrivermanager-5.8.0.jar;C:\Users\Евгений\.m2\repository\com\github\docker-java\docker-java\3.3.6\docker-java-3.3.6.jar;C:\Users\Евгений\.m2\repository\com\github\docker-java\docker-java-core\3.3.6\docker-java-core-3.3.6.jar;C:\Users\Евгений\.m2\repository\com\github\docker-java\docker-java-api\3.3.6\docker-java-api-3.3.6.jar;C:\Users\Евгений\.m2\repository\com\fasterxml\jackson\core\jackson-annotations\2.10.3\jackson-annotations-2.10.3.jar;C:\Users\Евгений\.m2\repository\com\fasterxml\jackson\core\jackson-databind\2.10.3\jackson-databind-2.10.3.jar;C:\Users\Евгений\.m2\repository\com\fasterxml\jackson\core\jackson-core\2.10.3\jackson-core-2.10.3.jar;C:\Users\Евгений\.m2\repository\org\bouncycastle\bcpkix-jdk18on\1.76\bcpkix-jdk18on-1.76.jar;C:\Users\Евгений\.m2\repository\org\bouncycastle\bcprov-jdk18on\1.76\bcprov-jdk18on-1.76.jar;C:\Users\Евгений\.m2\repository\org\bouncycastle\bcutil-jdk18on\1.76\bcutil-jdk18on-1.76.jar;C:\Users\Евгений\.m2\repository\org\slf4j\jcl-over-slf4j\1.7.30\jcl-over-slf4j-1.7.30.jar;C:\Users\Евгений\.m2\repository\com\github\docker-java\docker-java-transport-httpclient5\3.3.6\docker-java-transport-httpclient5-3.3.6.jar;C:\Users\Евгений\.m2\repository\com\github\docker-java\docker-java-transport\3.3.6\docker-java-transport-3.3.6.jar;C:\Users\Евгений\.m2\repository\net\java\dev\jna\jna\5.13.0\jna-5.13.0.jar;C:\Users\Евгений\.m2\repository\org\brotli\dec\0.1.2\dec-0.1.2.jar;C:\Users\Евгений\.m2\repository\org\apache\commons\commons-compress\1.26.1\commons-compress-1.26.1.jar;C:\Users\Евгений\.m2\repository\commons-codec\commons-codec\1.16.1\commons-codec-1.16.1.jar;C:\Users\Евгений\.m2\repository\commons-io\commons-io\2.15.1\commons-io-2.15.1.jar;C:\Users\Евгений\.m2\repository\org\apache\httpcomponents\client5\httpclient5\5.2.1\httpclient5-5.2.1.jar;C:\Users\Евгений\.m2\repository\org\apache\httpcomponents\core5\httpcore5\5.2\httpcore5-5.2.jar;C:\Users\Евгений\.m2\repository\org\apache\httpcomponents\core5\httpcore5-h2\5.2\httpcore5-h2-5.2.jar;C:\Users\Евгений\.m2\repository\io\qameta\allure\allure-junit4\2.28.0\allure-junit4-2.28.0.jar;C:\Users\Евгений\.m2\repository\io\qameta\allure\allure-java-commons\2.28.0\allure-java-commons-2.28.0.jar;C:\Users\Евгений\.m2\repository\io\qameta\allure\allure-model\2.28.0\allure-model-2.28.0.jar;C:\Users\Евгений\.m2\repository\io\qameta\allure\allure-test-filter\2.28.0\allure-test-filter-2.28.0.jar;C:\Users\Евгений\.m2\repository\io\qameta\allure\allure-rest-assured\2.28.0\allure-rest-assured-2.28.0.jar;C:\Users\Евгений\.m2\repository\io\qameta\allure\allure-attachments\2.28.0\allure-attachments-2.28.0.jar;C:\Users\Евгений\.m2\repository\org\freemarker\freemarker\2.3.33\freemarker-2.3.33.jar;C:\Users\Евгений\.m2\repository\io\rest-assured\rest-assured\5.5.0\rest-assured-5.5.0.jar;C:\Users\Евгений\.m2\repository\org\apache\groovy\groovy\4.0.22\groovy-4.0.22.jar;C:\Users\Евгений\.m2\repository\org\apache\groovy\groovy-xml\4.0.22\groovy-xml-4.0.22.jar;C:\Users\Евгений\.m2\repository\org\apache\httpcomponents\httpclient\4.5.13\httpclient-4.5.13.jar;C:\Users\Евгений\.m2\repository\org\apache\httpcomponents\httpcore\4.4.13\httpcore-4.4.13.jar;C:\Users\Евгений\.m2\repository\commons-logging\commons-logging\1.2\commons-logging-1.2.jar;C:\Users\Евгений\.m2\repository\org\apache\httpcomponents\httpmime\4.5.13\httpmime-4.5.13.jar;C:\Users\Евгений\.m2\repository\org\hamcrest\hamcrest\2.2\hamcrest-2.2.jar;C:\Users\Евгений\.m2\repository\org\ccil\cowan\tagsoup\tagsoup\1.2.1\tagsoup-1.2.1.jar;C:\Users\Евгений\.m2\repository\io\rest-assured\json-path\5.5.0\json-path-5.5.0.jar;C:\Users\Евгений\.m2\repository\org\apache\groovy\groovy-json\4.0.22\groovy-json-4.0.22.jar;C:\Users\Евгений\.m2\repository\io\rest-assured\rest-assured-common\5.5.0\rest-assured-common-5.5.0.jar;C:\Users\Евгений\.m2\repository\io\rest-assured\xml-path\5.5.0\xml-path-5.5.0.jar;C:\Users\Евгений\.m2\repository\com\google\code\gson\gson\2.11.0\gson-2.11.0.jar;C:\Users\Евгений\.m2\repository\com\google\errorprone\error_prone_annotations\2.27.0\error_prone_annotations-2.27.0.jar;C:\Users\Евгений\.m2\repository\org\projectlombok\lombok\1.18.34\lombok-1.18.34.jar;C:\Users\Евгений\.m2\repository\org\slf4j\slf4j-api\2.0.13\slf4j-api-2.0.13.jar;C:\Users\Евгений\.m2\repository\ch\qos\logback\logback-classic\1.5.6\logback-classic-1.5.6.jar;C:\Users\Евгений\.m2\repository\ch\qos\logback\logback-core\1.5.6\logback-core-1.5.6.jar;C:\Users\Евгений\.m2\repository\org\apache\commons\commons-lang3\3.15.0\commons-lang3-3.15.0.jar;"/>
    <property name="sun.cpu.endian" value="little"/>
    <property name="user.home" value="C:\Users\Евгений"/>
    <property name="user.language" value="ru"/>
    <property name="java.specification.vendor" value="Oracle Corporation"/>
    <property name="java.version.date" value="2024-04-16"/>
    <property name="java.home" value="C:\Program Files\Amazon Corretto\jdk11.0.23_9"/>
    <property name="file.separator" value="\"/>
    <property name="basedir" value="C:\Diplom\Diplom_3"/>
    <property name="java.vm.compressedOopsMode" value="32-bit"/>
    <property name="line.separator" value="&#10;"/>
    <property name="java.specification.name" value="Java Platform API Specification"/>
    <property name="java.vm.specification.vendor" value="Oracle Corporation"/>
    <property name="java.awt.graphicsenv" value="sun.awt.Win32GraphicsEnvironment"/>
    <property name="surefire.real.class.path" value="C:\Users\Евгений\AppData\Local\Temp\surefire13164090083258997313\surefirebooter-20240905180848398_3.jar"/>
    <property name="user.script" value=""/>
    <property name="sun.management.compiler" value="HotSpot 64-Bit Tiered Compilers"/>
    <property name="java.runtime.version" value="11.0.23+9-LTS"/>
    <property name="user.name" value="Евгений"/>
    <property name="path.separator" value=";"/>
    <property name="os.version" value="10.0"/>
    <property name="java.runtime.name" value="OpenJDK Runtime Environment"/>
    <property name="file.encoding" value="Cp1251"/>
    <property name="java.vm.name" value="OpenJDK 64-Bit Server VM"/>
    <property name="java.vendor.version" value="Corretto-11.0.23.9.1"/>
    <property name="localRepository" value="C:\Users\Евгений\.m2\repository"/>
    <property name="java.vendor.url.bug" value="https://github.com/corretto/corretto-11/issues/"/>
    <property name="java.io.tmpdir" value="C:\Users\B7E3~1\AppData\Local\Temp\"/>
    <property name="idea.version" value="2024.1.1"/>
    <property name="java.version" value="11.0.23"/>
    <property name="user.dir" value="C:\Diplom\Diplom_3"/>
    <property name="os.arch" value="amd64"/>
    <property name="java.vm.specification.name" value="Java Virtual Machine Specification"/>
    <property name="java.awt.printerjob" value="sun.awt.windows.WPrinterJob"/>
    <property name="sun.os.patch.level" value=""/>
    <property name="java.library.path" value="C:\Program Files\Amazon Corretto\jdk11.0.23_9\bin;C:\WINDOWS\Sun\Java\bin;C:\WINDOWS\system32;C:\WINDOWS;C:\Program Files\Amazon Corretto\jdk11.0.23_9\bin;C:\Program Files (x86)\NVIDIA Corporation\PhysX\Common;C:\ProgramData\Oracle\Java\javapath;C:\WINDOWS\system32;C:\WINDOWS;C:\WINDOWS\System32\Wbem;C:\WINDOWS\System32\WindowsPowerShell\v1.0\;C:\WINDOWS\System32\OpenSSH\;C:\Program Files\Git\cmd;C:\Program Files\Git\mingw64\bin;C:\Program Files\Git\usr\bin;C:\Program Files\Docker\Docker\resources\bin;C:\Users\Евгений\AppData\Local\Microsoft\WindowsApps;C:\Program Files\JetBrains\IntelliJ IDEA Community Edition 2024.1.1\bin;;C:\Program Files\apache-maven-3.9.6\bin;C:\WebDriver\bin;C:\Users\Евгений\Desktop\allure-2.30.0\bin;;."/>
    <property name="java.vm.info" value="mixed mode"/>
    <property name="java.vendor" value="Amazon.com Inc."/>
    <property name="java.vm.version" value="11.0.23+9-LTS"/>
    <property name="java.specification.maintenance.version" value="2"/>
    <property name="sun.io.unicode.encoding" value="UnicodeLittle"/>
    <property name="java.class.version" value="55.0"/>
  </properties>
  <testcase name="loginTest[0]" classname="LoginTest" time="54.874">
    <system-out><![CDATA[18:13:26.391 [main] DEBUG org.apache.http.impl.conn.BasicClientConnectionManager -- Get connection for route {s}->https://stellarburgers.nomoreparties.site:443
18:13:26.521 [main] DEBUG org.apache.http.impl.conn.DefaultClientConnectionOperator -- Connecting to stellarburgers.nomoreparties.site:443
18:13:33.166 [main] DEBUG org.apache.http.client.protocol.RequestAddCookies -- CookieSpec selected: ignoreCookies
18:13:33.174 [main] DEBUG org.apache.http.client.protocol.RequestAuthCache -- Auth cache not set in the context
18:13:33.175 [main] DEBUG org.apache.http.client.protocol.RequestTargetAuthentication -- Target auth state: UNCHALLENGED
18:13:33.177 [main] DEBUG org.apache.http.client.protocol.RequestProxyAuthentication -- Proxy auth state: UNCHALLENGED
18:13:33.178 [main] DEBUG org.apache.http.impl.client.DefaultHttpClient -- Attempt 1 to execute request
18:13:33.179 [main] DEBUG org.apache.http.impl.conn.DefaultClientConnection -- Sending request: POST /api/auth/register HTTP/1.1
18:13:33.181 [main] DEBUG org.apache.http.wire --  >> "POST /api/auth/register HTTP/1.1[\r][\n]"
18:13:33.206 [main] DEBUG org.apache.http.wire --  >> "Accept: */*[\r][\n]"
18:13:33.207 [main] DEBUG org.apache.http.wire --  >> "Content-Type: application/json[\r][\n]"
18:13:33.207 [main] DEBUG org.apache.http.wire --  >> "Content-Length: 67[\r][\n]"
18:13:33.207 [main] DEBUG org.apache.http.wire --  >> "Host: stellarburgers.nomoreparties.site[\r][\n]"
18:13:33.207 [main] DEBUG org.apache.http.wire --  >> "Connection: Keep-Alive[\r][\n]"
18:13:33.207 [main] DEBUG org.apache.http.wire --  >> "User-Agent: Apache-HttpClient/4.5.13 (Java/11.0.23)[\r][\n]"
18:13:33.208 [main] DEBUG org.apache.http.wire --  >> "Accept-Encoding: gzip,deflate[\r][\n]"
18:13:33.208 [main] DEBUG org.apache.http.wire --  >> "[\r][\n]"
18:13:33.208 [main] DEBUG org.apache.http.headers -- >> POST /api/auth/register HTTP/1.1
18:13:33.208 [main] DEBUG org.apache.http.headers -- >> Accept: */*
18:13:33.208 [main] DEBUG org.apache.http.headers -- >> Content-Type: application/json
18:13:33.209 [main] DEBUG org.apache.http.headers -- >> Content-Length: 67
18:13:33.209 [main] DEBUG org.apache.http.headers -- >> Host: stellarburgers.nomoreparties.site
18:13:33.209 [main] DEBUG org.apache.http.headers -- >> Connection: Keep-Alive
18:13:33.209 [main] DEBUG org.apache.http.headers -- >> User-Agent: Apache-HttpClient/4.5.13 (Java/11.0.23)
18:13:33.209 [main] DEBUG org.apache.http.headers -- >> Accept-Encoding: gzip,deflate
18:13:33.210 [main] DEBUG org.apache.http.wire --  >> "{"name":"EpqttoFkYW","email":"hqjcy@kteo.ru","password":"EjM5KRVA"}"
18:13:33.472 [main] DEBUG org.apache.http.wire --  << "HTTP/1.1 200 OK[\r][\n]"
18:13:33.483 [main] DEBUG org.apache.http.wire --  << "Date: Thu, 05 Sep 2024 15:10:26 GMT[\r][\n]"
18:13:33.484 [main] DEBUG org.apache.http.wire --  << "Content-Type: application/json; charset=utf-8[\r][\n]"
18:13:33.485 [main] DEBUG org.apache.http.wire --  << "Transfer-Encoding: chunked[\r][\n]"
18:13:33.485 [main] DEBUG org.apache.http.wire --  << "Connection: keep-alive[\r][\n]"
18:13:33.485 [main] DEBUG org.apache.http.wire --  << "X-Powered-By: Express[\r][\n]"
18:13:33.486 [main] DEBUG org.apache.http.wire --  << "Access-Control-Allow-Origin: *[\r][\n]"
18:13:33.487 [main] DEBUG org.apache.http.wire --  << "authorization: Bearer eyJhbGciOiJIUzI1NiIsInR5cCI6IkpXVCJ9.eyJpZCI6IjY2ZDljOWUyOWVkMjgwMDAxYjRhYzgwYSIsImlhdCI6MTcyNTU0OTAyNiwiZXhwIjoxNzI1NTUwMjI2fQ._Zz5irMFAVADv7M76IHmXGBW-Qu_HH6UM4DRIONrT-I[\r][\n]"
18:13:33.488 [main] DEBUG org.apache.http.wire --  << "ETag: W/"16a-yJsOmEV+qNx0v7oa13P9CT2IFiM"[\r][\n]"
18:13:33.488 [main] DEBUG org.apache.http.wire --  << "CF-Cache-Status: DYNAMIC[\r][\n]"
18:13:33.489 [main] DEBUG org.apache.http.wire --  << "Report-To: {"endpoints":[{"url":"https:\/\/a.nel.cloudflare.com\/report\/v4?s=VWvqi%2Fbx2E%2BRFkQhxyiyvO7O8ECGqNhM8cwckFLhJqRBcDfItL6QXi6cmoCs1Iwew%2FSApJ4LdHxpwMKP%2FrTerttqGE68mcwthZCjMIzhxoNHsFwAEW1tNG4tNMHpv2JXoMg9D8xoQJfDbXeAeYXJBXL3TNY%3D"}],"group":"cf-nel","max_age":604800}[\r][\n]"
18:13:33.489 [main] DEBUG org.apache.http.wire --  << "NEL: {"success_fraction":0,"report_to":"cf-nel","max_age":604800}[\r][\n]"
18:13:33.490 [main] DEBUG org.apache.http.wire --  << "Server: cloudflare[\r][\n]"
18:13:33.490 [main] DEBUG org.apache.http.wire --  << "CF-RAY: 8be7256818b456a9-OSL[\r][\n]"
18:13:33.490 [main] DEBUG org.apache.http.wire --  << "Content-Encoding: gzip[\r][\n]"
18:13:33.490 [main] DEBUG org.apache.http.wire --  << "alt-svc: h3=":443"; ma=86400[\r][\n]"
18:13:33.490 [main] DEBUG org.apache.http.wire --  << "[\r][\n]"
18:13:33.495 [main] DEBUG org.apache.http.impl.conn.DefaultClientConnection -- Receiving response: HTTP/1.1 200 OK
18:13:33.495 [main] DEBUG org.apache.http.headers -- << HTTP/1.1 200 OK
18:13:33.495 [main] DEBUG org.apache.http.headers -- << Date: Thu, 05 Sep 2024 15:10:26 GMT
18:13:33.496 [main] DEBUG org.apache.http.headers -- << Content-Type: application/json; charset=utf-8
18:13:33.496 [main] DEBUG org.apache.http.headers -- << Transfer-Encoding: chunked
18:13:33.496 [main] DEBUG org.apache.http.headers -- << Connection: keep-alive
18:13:33.496 [main] DEBUG org.apache.http.headers -- << X-Powered-By: Express
18:13:33.496 [main] DEBUG org.apache.http.headers -- << Access-Control-Allow-Origin: *
18:13:33.496 [main] DEBUG org.apache.http.headers -- << authorization: Bearer eyJhbGciOiJIUzI1NiIsInR5cCI6IkpXVCJ9.eyJpZCI6IjY2ZDljOWUyOWVkMjgwMDAxYjRhYzgwYSIsImlhdCI6MTcyNTU0OTAyNiwiZXhwIjoxNzI1NTUwMjI2fQ._Zz5irMFAVADv7M76IHmXGBW-Qu_HH6UM4DRIONrT-I
18:13:33.496 [main] DEBUG org.apache.http.headers -- << ETag: W/"16a-yJsOmEV+qNx0v7oa13P9CT2IFiM"
18:13:33.497 [main] DEBUG org.apache.http.headers -- << CF-Cache-Status: DYNAMIC
18:13:33.497 [main] DEBUG org.apache.http.headers -- << Report-To: {"endpoints":[{"url":"https:\/\/a.nel.cloudflare.com\/report\/v4?s=VWvqi%2Fbx2E%2BRFkQhxyiyvO7O8ECGqNhM8cwckFLhJqRBcDfItL6QXi6cmoCs1Iwew%2FSApJ4LdHxpwMKP%2FrTerttqGE68mcwthZCjMIzhxoNHsFwAEW1tNG4tNMHpv2JXoMg9D8xoQJfDbXeAeYXJBXL3TNY%3D"}],"group":"cf-nel","max_age":604800}
18:13:33.497 [main] DEBUG org.apache.http.headers -- << NEL: {"success_fraction":0,"report_to":"cf-nel","max_age":604800}
18:13:33.497 [main] DEBUG org.apache.http.headers -- << Server: cloudflare
18:13:33.498 [main] DEBUG org.apache.http.headers -- << CF-RAY: 8be7256818b456a9-OSL
18:13:33.498 [main] DEBUG org.apache.http.headers -- << Content-Encoding: gzip
18:13:33.498 [main] DEBUG org.apache.http.headers -- << alt-svc: h3=":443"; ma=86400
18:13:33.544 [main] DEBUG org.apache.http.impl.client.DefaultHttpClient -- Connection can be kept alive indefinitely
18:13:33.638 [main] DEBUG io.restassured.internal.RestAssuredHttpBuilder -- Parsing response as: application/json; charset=utf-8
18:13:33.640 [main] DEBUG org.apache.http.wire --  << "148[\r][\n]"
18:13:33.641 [main] DEBUG org.apache.http.wire --  << "[0x1f][0x8b][0x8][0x0][0x0][0x0][0x0][0x0][0x0][0x3]4[0x8f]Ko[0x82]@[0x18][0x0][0xff]J[0xf3][0x9d][0xd5][0xc8][0xf2]X[0xe0]T[0x94][0xaa]K[0x2]D[0xb]"\[0xc],[0x8b]<Dt[0x81]"[0x1a][0xff]{c[0x93]^[0xe7]0[0x93]yB[0xdb]S[0xca][0xda][0x16][0xf4][0x8e][0xf7]l[0x2]}[0xcb]8[0xe8]O`u\[0x9c]A[0x87][0xfc]V[0xd2][0xf1][0xb3][0xea]X3[0xe3]=L[0xe0][0x12][0xd7][0xc]t[0xf8][0xba][0xde][0xba][0xae]YUa[0x0][0xaf][0x9][0xc4][\n]"
18:13:33.641 [main] DEBUG org.apache.http.wire --  << "[0xaf][0xa9][0xd8][0x5]tX[0xb0][0x98]3[0xfe][0xc1]F+O[0xd6][0xb4]p[0xb][0x8b][0xf8][0xf]"8[0x5]i[0xc9]e'[0xd3]%QHu=[0xec][0x97][0x96]6c[0xa3]u[0x8d][0xde][0xa0][0xc]Qd[0x9e]K7[0xf0]G7[0xd8]Wvy[0x1a]l[0xd3][0xb8][0x87][0xe5].[0xf][0x1f][0xa7]![0xfc]&-[0xa9][0xcf]y[0xba]$[0x8a][0xed][0xd1][0xd1][0xf1][0xfc][0xb9][0xeb][0x19][0xa3]S[0xc]Et[0xc8][0x7]R6w[0xe7][0x1d][0xf1][0xfc][0xc1].[0x9][0xca][0xb6][0xb3]c[0xf4][0x90][0xb]n[0xaf][0x8c][0xbd]a[0xfe]`[0x1b]+dS[0x1f][0xd6][0x8b]`[0xba][0xed][0x8f][0x9b][0x8d][0xe2][0xdb][0x92][0xb9]#[0xae][0xc3][0xbd])[0x81][0x9]p[0x96]q[0xd6][0xe6][0xff][0xf]I[0x9a]dR[0xac]"$[0xa6]Z&bAe[0x2][0x93]Dy[0x8e]0[0x95][0x4]5SSJ1Np[0x9c]&b[0xa2]iX[0x9a]k1[0xce][0x14][0x19]QQ[0xa2]2UE5[0xc3]([0xd6][0x14][0xa4][0x89][0x89][0x84][0x12]Y[0x85][0xd7]/[0x0][0x0][0x0][0xff][0xff][0x3][0x0]=[0xd9][0xec][0xa8]j[0x1][0x0][0x0]"
18:13:33.641 [main] DEBUG org.apache.http.wire --  << "[\r][\n]"
18:13:33.642 [main] DEBUG org.apache.http.wire --  << "0[\r][\n]"
18:13:33.642 [main] DEBUG org.apache.http.wire --  << "[\r][\n]"
18:13:33.742 [main] DEBUG io.restassured.internal.RestAssuredHttpBuilder -- Parsed data to instance of: class org.apache.http.conn.EofSensorInputStream
18:13:46.229 [main] DEBUG org.apache.http.impl.conn.BasicClientConnectionManager -- Get connection for route {s}->https://stellarburgers.nomoreparties.site:443
18:13:46.229 [main] DEBUG org.apache.http.impl.conn.DefaultClientConnectionOperator -- Connecting to stellarburgers.nomoreparties.site:443
18:13:46.359 [main] DEBUG org.apache.http.client.protocol.RequestAddCookies -- CookieSpec selected: ignoreCookies
18:13:46.359 [main] DEBUG org.apache.http.client.protocol.RequestAuthCache -- Auth cache not set in the context
18:13:46.359 [main] DEBUG org.apache.http.client.protocol.RequestTargetAuthentication -- Target auth state: UNCHALLENGED
18:13:46.360 [main] DEBUG org.apache.http.client.protocol.RequestProxyAuthentication -- Proxy auth state: UNCHALLENGED
18:13:46.360 [main] DEBUG org.apache.http.impl.client.DefaultHttpClient -- Attempt 1 to execute request
18:13:46.360 [main] DEBUG org.apache.http.impl.conn.DefaultClientConnection -- Sending request: POST /api/auth/login HTTP/1.1
18:13:46.360 [main] DEBUG org.apache.http.wire --  >> "POST /api/auth/login HTTP/1.1[\r][\n]"
18:13:46.360 [main] DEBUG org.apache.http.wire --  >> "Accept: */*[\r][\n]"
18:13:46.360 [main] DEBUG org.apache.http.wire --  >> "Content-Type: application/json[\r][\n]"
18:13:46.360 [main] DEBUG org.apache.http.wire --  >> "Content-Length: 67[\r][\n]"
18:13:46.360 [main] DEBUG org.apache.http.wire --  >> "Host: stellarburgers.nomoreparties.site[\r][\n]"
18:13:46.361 [main] DEBUG org.apache.http.wire --  >> "Connection: Keep-Alive[\r][\n]"
18:13:46.361 [main] DEBUG org.apache.http.wire --  >> "User-Agent: Apache-HttpClient/4.5.13 (Java/11.0.23)[\r][\n]"
18:13:46.361 [main] DEBUG org.apache.http.wire --  >> "Accept-Encoding: gzip,deflate[\r][\n]"
18:13:46.361 [main] DEBUG org.apache.http.wire --  >> "[\r][\n]"
18:13:46.361 [main] DEBUG org.apache.http.headers -- >> POST /api/auth/login HTTP/1.1
18:13:46.361 [main] DEBUG org.apache.http.headers -- >> Accept: */*
18:13:46.361 [main] DEBUG org.apache.http.headers -- >> Content-Type: application/json
18:13:46.361 [main] DEBUG org.apache.http.headers -- >> Content-Length: 67
18:13:46.361 [main] DEBUG org.apache.http.headers -- >> Host: stellarburgers.nomoreparties.site
18:13:46.362 [main] DEBUG org.apache.http.headers -- >> Connection: Keep-Alive
18:13:46.362 [main] DEBUG org.apache.http.headers -- >> User-Agent: Apache-HttpClient/4.5.13 (Java/11.0.23)
18:13:46.362 [main] DEBUG org.apache.http.headers -- >> Accept-Encoding: gzip,deflate
18:13:46.362 [main] DEBUG org.apache.http.wire --  >> "{"name":"EpqttoFkYW","email":"hqjcy@kteo.ru","password":"EjM5KRVA"}"
18:13:46.543 [main] DEBUG org.apache.http.wire --  << "HTTP/1.1 200 OK[\r][\n]"
18:13:46.543 [main] DEBUG org.apache.http.wire --  << "Date: Thu, 05 Sep 2024 15:10:39 GMT[\r][\n]"
18:13:46.544 [main] DEBUG org.apache.http.wire --  << "Content-Type: application/json; charset=utf-8[\r][\n]"
18:13:46.544 [main] DEBUG org.apache.http.wire --  << "Transfer-Encoding: chunked[\r][\n]"
18:13:46.544 [main] DEBUG org.apache.http.wire --  << "Connection: keep-alive[\r][\n]"
18:13:46.544 [main] DEBUG org.apache.http.wire --  << "X-Powered-By: Express[\r][\n]"
18:13:46.544 [main] DEBUG org.apache.http.wire --  << "Access-Control-Allow-Origin: *[\r][\n]"
18:13:46.544 [main] DEBUG org.apache.http.wire --  << "ETag: W/"16a-P7eAJrEdx0ECn0bK06RFhb1PX64"[\r][\n]"
18:13:46.544 [main] DEBUG org.apache.http.wire --  << "CF-Cache-Status: DYNAMIC[\r][\n]"
18:13:46.544 [main] DEBUG org.apache.http.wire --  << "Report-To: {"endpoints":[{"url":"https:\/\/a.nel.cloudflare.com\/report\/v4?s=9O2%2BU%2FISVDYrHHzPOyzhNOa52o6Od5cmcPzew0bWyqoPzQuLadHUOze50r3PvjiJ4HcEp6%2Bx0CsmSCALWt15sKXDbSIfaw5log91QstevOyWGjXqnmiVoJJtWHa9YG7ydMmCa%2FZDV2qim%2FRx3V9Ga9Q98Ro%3D"}],"group":"cf-nel","max_age":604800}[\r][\n]"
18:13:46.544 [main] DEBUG org.apache.http.wire --  << "NEL: {"success_fraction":0,"report_to":"cf-nel","max_age":604800}[\r][\n]"
18:13:46.545 [main] DEBUG org.apache.http.wire --  << "Server: cloudflare[\r][\n]"
18:13:46.545 [main] DEBUG org.apache.http.wire --  << "CF-RAY: 8be725ba49fe1c02-OSL[\r][\n]"
18:13:46.545 [main] DEBUG org.apache.http.wire --  << "Content-Encoding: gzip[\r][\n]"
18:13:46.545 [main] DEBUG org.apache.http.wire --  << "alt-svc: h3=":443"; ma=86400[\r][\n]"
18:13:46.545 [main] DEBUG org.apache.http.wire --  << "[\r][\n]"
18:13:46.545 [main] DEBUG org.apache.http.impl.conn.DefaultClientConnection -- Receiving response: HTTP/1.1 200 OK
18:13:46.545 [main] DEBUG org.apache.http.headers -- << HTTP/1.1 200 OK
18:13:46.545 [main] DEBUG org.apache.http.headers -- << Date: Thu, 05 Sep 2024 15:10:39 GMT
18:13:46.545 [main] DEBUG org.apache.http.headers -- << Content-Type: application/json; charset=utf-8
18:13:46.546 [main] DEBUG org.apache.http.headers -- << Transfer-Encoding: chunked
18:13:46.546 [main] DEBUG org.apache.http.headers -- << Connection: keep-alive
18:13:46.546 [main] DEBUG org.apache.http.headers -- << X-Powered-By: Express
18:13:46.546 [main] DEBUG org.apache.http.headers -- << Access-Control-Allow-Origin: *
18:13:46.546 [main] DEBUG org.apache.http.headers -- << ETag: W/"16a-P7eAJrEdx0ECn0bK06RFhb1PX64"
18:13:46.546 [main] DEBUG org.apache.http.headers -- << CF-Cache-Status: DYNAMIC
18:13:46.546 [main] DEBUG org.apache.http.headers -- << Report-To: {"endpoints":[{"url":"https:\/\/a.nel.cloudflare.com\/report\/v4?s=9O2%2BU%2FISVDYrHHzPOyzhNOa52o6Od5cmcPzew0bWyqoPzQuLadHUOze50r3PvjiJ4HcEp6%2Bx0CsmSCALWt15sKXDbSIfaw5log91QstevOyWGjXqnmiVoJJtWHa9YG7ydMmCa%2FZDV2qim%2FRx3V9Ga9Q98Ro%3D"}],"group":"cf-nel","max_age":604800}
18:13:46.546 [main] DEBUG org.apache.http.headers -- << NEL: {"success_fraction":0,"report_to":"cf-nel","max_age":604800}
18:13:46.546 [main] DEBUG org.apache.http.headers -- << Server: cloudflare
18:13:46.547 [main] DEBUG org.apache.http.headers -- << CF-RAY: 8be725ba49fe1c02-OSL
18:13:46.548 [main] DEBUG org.apache.http.headers -- << Content-Encoding: gzip
18:13:46.548 [main] DEBUG org.apache.http.headers -- << alt-svc: h3=":443"; ma=86400
18:13:46.548 [main] DEBUG org.apache.http.impl.client.DefaultHttpClient -- Connection can be kept alive indefinitely
18:13:46.549 [main] DEBUG io.restassured.internal.RestAssuredHttpBuilder -- Parsing response as: application/json; charset=utf-8
18:13:46.549 [main] DEBUG org.apache.http.wire --  << "147[\r][\n]"
18:13:46.549 [main] DEBUG org.apache.http.wire --  << "[0x1f][0x8b][0x8][0x0][0x0][0x0][0x0][0x0][0x0][0x3]4[0x8f]Ko[0x82]@[0x18][0x0][0xff]J[0xf3][0x9d][0x89][0x1]Y[0x9e][0xa7]Z[0x91]v[0x89]H[0xaa] [0xe0][0xa5]Y[0x96][0xe5][0xad][0xd8]])[0xa2][0xf1][0xbf]76[0xe9]q[0xe6]2[0x99];[0x88][0x81]R&[0x4][0xd8][0x17]>0[0x9][0xc8][0x1f][0x85]}[0xcb]N`[0xc3][0x1b]#[0x9c][0xf1][0x17]6yU[0xf6]N[0xeb][0xa0][0xf6]pt[0xc3][0xca][0xa6][0xc6][0x2][0x9f][0xb6][0x1a]]b[0x1d][0xb7][0xe7]d[0xbf][0xf4][0xac][0x19][0x9b][0xbc][0xf3][0xe1])[0x9a]t~p[0xba]&[0x88][0xa3])[0x88][0xf7][0xad][0xdf][0x94][0xa3][0xef],[0xae]i[0xb3][0xad][0xd2][9[0xa6];,[0xf0][0xb1][0xab][0xf2]%[0xd6][0xfd][0x90]N[0x9b]0[0x92][0x83]pq[0xb]vc}H[0xaa][0x11]7[0xfd]u[0xf3][0x8c][0x84][0xd1][0xe8]7[0xbe]V|[0xce][0xdc][0xce][0x11]EU[0xaf]?[0xca][0xc8]5cc/[0xbc][0x84][0x1b];[0x19][0x8d][0xe5]:[0xe1]?[0xfd][0xfa][0xe8][0xae][0xf2]/[0xa2][0xa5][0x8e]g[0x82][0x4][0x9c][0x15][0x9c][0x89][0xea][0xff][0xa1][0xc8]5]QIF[0xb2][0x1c]Y[0xb9][0x8c][0x18]2PATU[0xce]dC[0xd5][0xe5]L-P[0x9e]![0xbd]Pe=[0xd7][0xc]b[0x16][0xc][0x11][0xdd]PLKV[0xa8]fR[0xd3]"Te(WtmN[0xe7][0x96][0xa1][0x80][0x4][0x83]`[0x1c][0xec];[0xb0]#[0xa9];[0xb0][0xa1][0xfa]n[0xe8][0xf4][0xda]^X?[0xe3][0x3]Hp"G[0x6]6[0xac][0xce][0xdf][0x97]K[0xef][0xb6]i[0xc][0x8f][0xc7]/[0x0][0x0][0x0][0xff][0xff][0x3][0x0][0xb6]=[0xd2]zj[0x1][0x0][0x0]"
18:13:46.549 [main] DEBUG org.apache.http.wire --  << "[\r][\n]"
18:13:46.673 [main] DEBUG org.apache.http.wire --  << "0[\r][\n]"
18:13:46.673 [main] DEBUG org.apache.http.wire --  << "[\r][\n]"
18:13:46.673 [main] DEBUG io.restassured.internal.RestAssuredHttpBuilder -- Parsed data to instance of: class org.apache.http.conn.EofSensorInputStream
18:13:46.825 [main] DEBUG org.apache.http.impl.conn.BasicClientConnectionManager -- Releasing connection org.apache.http.impl.conn.ManagedClientConnectionImpl@2eb0932c
18:13:46.825 [main] DEBUG org.apache.http.impl.conn.BasicClientConnectionManager -- Connection can be kept alive indefinitely
18:13:50.424 [main] DEBUG org.apache.http.impl.conn.BasicClientConnectionManager -- Get connection for route {s}->https://stellarburgers.nomoreparties.site:443
18:13:50.424 [main] DEBUG org.apache.http.impl.conn.DefaultClientConnectionOperator -- Connecting to stellarburgers.nomoreparties.site:443
18:13:50.572 [main] DEBUG org.apache.http.client.protocol.RequestAddCookies -- CookieSpec selected: ignoreCookies
18:13:50.572 [main] DEBUG org.apache.http.client.protocol.RequestAuthCache -- Auth cache not set in the context
18:13:50.572 [main] DEBUG org.apache.http.client.protocol.RequestProxyAuthentication -- Proxy auth state: UNCHALLENGED
18:13:50.572 [main] DEBUG org.apache.http.impl.client.DefaultHttpClient -- Attempt 1 to execute request
18:13:50.572 [main] DEBUG org.apache.http.impl.conn.DefaultClientConnection -- Sending request: DELETE /api/auth/user HTTP/1.1
18:13:50.573 [main] DEBUG org.apache.http.wire --  >> "DELETE /api/auth/user HTTP/1.1[\r][\n]"
18:13:50.573 [main] DEBUG org.apache.http.wire --  >> "Authorization: Bearer eyJhbGciOiJIUzI1NiIsInR5cCI6IkpXVCJ9.eyJpZCI6IjY2ZDljOWUyOWVkMjgwMDAxYjRhYzgwYSIsImlhdCI6MTcyNTU0OTAzOSwiZXhwIjoxNzI1NTUwMjM5fQ.FlDsfhiLHgUF8W7VsJXr7S04wgLXrvoLmFEd_a5YDJ8[\r][\n]"
18:13:50.573 [main] DEBUG org.apache.http.wire --  >> "Accept: */*[\r][\n]"
18:13:50.573 [main] DEBUG org.apache.http.wire --  >> "Content-Type: application/json[\r][\n]"
18:13:50.573 [main] DEBUG org.apache.http.wire --  >> "Content-Length: 67[\r][\n]"
18:13:50.573 [main] DEBUG org.apache.http.wire --  >> "Host: stellarburgers.nomoreparties.site[\r][\n]"
18:13:50.573 [main] DEBUG org.apache.http.wire --  >> "Connection: Keep-Alive[\r][\n]"
18:13:50.574 [main] DEBUG org.apache.http.wire --  >> "User-Agent: Apache-HttpClient/4.5.13 (Java/11.0.23)[\r][\n]"
18:13:50.574 [main] DEBUG org.apache.http.wire --  >> "Accept-Encoding: gzip,deflate[\r][\n]"
18:13:50.574 [main] DEBUG org.apache.http.wire --  >> "[\r][\n]"
18:13:50.574 [main] DEBUG org.apache.http.headers -- >> DELETE /api/auth/user HTTP/1.1
18:13:50.574 [main] DEBUG org.apache.http.headers -- >> Authorization: Bearer eyJhbGciOiJIUzI1NiIsInR5cCI6IkpXVCJ9.eyJpZCI6IjY2ZDljOWUyOWVkMjgwMDAxYjRhYzgwYSIsImlhdCI6MTcyNTU0OTAzOSwiZXhwIjoxNzI1NTUwMjM5fQ.FlDsfhiLHgUF8W7VsJXr7S04wgLXrvoLmFEd_a5YDJ8
18:13:50.574 [main] DEBUG org.apache.http.headers -- >> Accept: */*
18:13:50.574 [main] DEBUG org.apache.http.headers -- >> Content-Type: application/json
18:13:50.574 [main] DEBUG org.apache.http.headers -- >> Content-Length: 67
18:13:50.574 [main] DEBUG org.apache.http.headers -- >> Host: stellarburgers.nomoreparties.site
18:13:50.574 [main] DEBUG org.apache.http.headers -- >> Connection: Keep-Alive
18:13:50.575 [main] DEBUG org.apache.http.headers -- >> User-Agent: Apache-HttpClient/4.5.13 (Java/11.0.23)
18:13:50.575 [main] DEBUG org.apache.http.headers -- >> Accept-Encoding: gzip,deflate
18:13:50.575 [main] DEBUG org.apache.http.wire --  >> "{"name":"EpqttoFkYW","email":"hqjcy@kteo.ru","password":"EjM5KRVA"}"
18:13:51.043 [main] DEBUG org.apache.http.wire --  << "HTTP/1.1 202 Accepted[\r][\n]"
18:13:51.043 [main] DEBUG org.apache.http.wire --  << "Date: Thu, 05 Sep 2024 15:10:44 GMT[\r][\n]"
18:13:51.044 [main] DEBUG org.apache.http.wire --  << "Content-Type: application/json; charset=utf-8[\r][\n]"
18:13:51.044 [main] DEBUG org.apache.http.wire --  << "Content-Length: 54[\r][\n]"
18:13:51.044 [main] DEBUG org.apache.http.wire --  << "Connection: keep-alive[\r][\n]"
18:13:51.044 [main] DEBUG org.apache.http.wire --  << "X-Powered-By: Express[\r][\n]"
18:13:51.044 [main] DEBUG org.apache.http.wire --  << "Access-Control-Allow-Origin: *[\r][\n]"
18:13:51.044 [main] DEBUG org.apache.http.wire --  << "ETag: W/"36-hDmZnQ3Ou/ynnqAeC6TYmyseuzY"[\r][\n]"
18:13:51.044 [main] DEBUG org.apache.http.wire --  << "CF-Cache-Status: DYNAMIC[\r][\n]"
18:13:51.044 [main] DEBUG org.apache.http.wire --  << "Report-To: {"endpoints":[{"url":"https:\/\/a.nel.cloudflare.com\/report\/v4?s=NmiDH1%2Bq%2B0eL50df6b6%2F0GnMETZxrA%2BebANMkaAQPNTxI5UMwXVIFObX8BgW4Z7Jn9vpFrJ6VVw7Lh%2FwjeB3abpEynlkNLn7%2FaIKVD6gGHz1GR13AJRZaqjBk4DqzrkRiyo3oh3PVitoNMPdZS6myYDG3zo%3D"}],"group":"cf-nel","max_age":604800}[\r][\n]"
18:13:51.044 [main] DEBUG org.apache.http.wire --  << "NEL: {"success_fraction":0,"report_to":"cf-nel","max_age":604800}[\r][\n]"
18:13:51.044 [main] DEBUG org.apache.http.wire --  << "Server: cloudflare[\r][\n]"
18:13:51.044 [main] DEBUG org.apache.http.wire --  << "CF-RAY: 8be725d49ec8568f-OSL[\r][\n]"
18:13:51.044 [main] DEBUG org.apache.http.wire --  << "alt-svc: h3=":443"; ma=86400[\r][\n]"
18:13:51.044 [main] DEBUG org.apache.http.wire --  << "[\r][\n]"
18:13:51.045 [main] DEBUG org.apache.http.impl.conn.DefaultClientConnection -- Receiving response: HTTP/1.1 202 Accepted
18:13:51.045 [main] DEBUG org.apache.http.headers -- << HTTP/1.1 202 Accepted
18:13:51.045 [main] DEBUG org.apache.http.headers -- << Date: Thu, 05 Sep 2024 15:10:44 GMT
18:13:51.045 [main] DEBUG org.apache.http.headers -- << Content-Type: application/json; charset=utf-8
18:13:51.045 [main] DEBUG org.apache.http.headers -- << Content-Length: 54
18:13:51.045 [main] DEBUG org.apache.http.headers -- << Connection: keep-alive
18:13:51.045 [main] DEBUG org.apache.http.headers -- << X-Powered-By: Express
18:13:51.045 [main] DEBUG org.apache.http.headers -- << Access-Control-Allow-Origin: *
18:13:51.045 [main] DEBUG org.apache.http.headers -- << ETag: W/"36-hDmZnQ3Ou/ynnqAeC6TYmyseuzY"
18:13:51.045 [main] DEBUG org.apache.http.headers -- << CF-Cache-Status: DYNAMIC
18:13:51.045 [main] DEBUG org.apache.http.headers -- << Report-To: {"endpoints":[{"url":"https:\/\/a.nel.cloudflare.com\/report\/v4?s=NmiDH1%2Bq%2B0eL50df6b6%2F0GnMETZxrA%2BebANMkaAQPNTxI5UMwXVIFObX8BgW4Z7Jn9vpFrJ6VVw7Lh%2FwjeB3abpEynlkNLn7%2FaIKVD6gGHz1GR13AJRZaqjBk4DqzrkRiyo3oh3PVitoNMPdZS6myYDG3zo%3D"}],"group":"cf-nel","max_age":604800}
18:13:51.045 [main] DEBUG org.apache.http.headers -- << NEL: {"success_fraction":0,"report_to":"cf-nel","max_age":604800}
18:13:51.045 [main] DEBUG org.apache.http.headers -- << Server: cloudflare
18:13:51.045 [main] DEBUG org.apache.http.headers -- << CF-RAY: 8be725d49ec8568f-OSL
18:13:51.045 [main] DEBUG org.apache.http.headers -- << alt-svc: h3=":443"; ma=86400
18:13:51.046 [main] DEBUG org.apache.http.impl.client.DefaultHttpClient -- Connection can be kept alive indefinitely
18:13:51.046 [main] DEBUG io.restassured.internal.RestAssuredHttpBuilder -- Parsing response as: application/json; charset=utf-8
18:13:51.046 [main] DEBUG io.restassured.internal.RestAssuredHttpBuilder -- Parsed data to instance of: class org.apache.http.conn.EofSensorInputStream
]]></system-out>
    <system-err><![CDATA[сент. 05, 2024 6:12:59 PM org.openqa.selenium.devtools.CdpVersionFinder findNearestMatch
WARNING: Unable to find an exact match for CDP version 128, returning the closest version; found: 126; Please update to a Selenium version that supports CDP version 128
]]></system-err>
  </testcase>
  <testcase name="loginTest[1]" classname="LoginTest" time="16.101">
    <system-out><![CDATA[18:14:03.438 [main] DEBUG org.apache.http.impl.conn.BasicClientConnectionManager -- Get connection for route {s}->https://stellarburgers.nomoreparties.site:443
18:14:03.439 [main] DEBUG org.apache.http.impl.conn.DefaultClientConnectionOperator -- Connecting to stellarburgers.nomoreparties.site:443
18:14:03.573 [main] DEBUG org.apache.http.client.protocol.RequestAddCookies -- CookieSpec selected: ignoreCookies
18:14:03.573 [main] DEBUG org.apache.http.client.protocol.RequestAuthCache -- Auth cache not set in the context
18:14:03.573 [main] DEBUG org.apache.http.client.protocol.RequestTargetAuthentication -- Target auth state: UNCHALLENGED
18:14:03.574 [main] DEBUG org.apache.http.client.protocol.RequestProxyAuthentication -- Proxy auth state: UNCHALLENGED
18:14:03.574 [main] DEBUG org.apache.http.impl.client.DefaultHttpClient -- Attempt 1 to execute request
18:14:03.574 [main] DEBUG org.apache.http.impl.conn.DefaultClientConnection -- Sending request: POST /api/auth/register HTTP/1.1
18:14:03.574 [main] DEBUG org.apache.http.wire --  >> "POST /api/auth/register HTTP/1.1[\r][\n]"
18:14:03.574 [main] DEBUG org.apache.http.wire --  >> "Accept: */*[\r][\n]"
18:14:03.574 [main] DEBUG org.apache.http.wire --  >> "Content-Type: application/json[\r][\n]"
18:14:03.574 [main] DEBUG org.apache.http.wire --  >> "Content-Length: 67[\r][\n]"
18:14:03.574 [main] DEBUG org.apache.http.wire --  >> "Host: stellarburgers.nomoreparties.site[\r][\n]"
18:14:03.574 [main] DEBUG org.apache.http.wire --  >> "Connection: Keep-Alive[\r][\n]"
18:14:03.575 [main] DEBUG org.apache.http.wire --  >> "User-Agent: Apache-HttpClient/4.5.13 (Java/11.0.23)[\r][\n]"
18:14:03.575 [main] DEBUG org.apache.http.wire --  >> "Accept-Encoding: gzip,deflate[\r][\n]"
18:14:03.575 [main] DEBUG org.apache.http.wire --  >> "[\r][\n]"
18:14:03.575 [main] DEBUG org.apache.http.headers -- >> POST /api/auth/register HTTP/1.1
18:14:03.575 [main] DEBUG org.apache.http.headers -- >> Accept: */*
18:14:03.575 [main] DEBUG org.apache.http.headers -- >> Content-Type: application/json
18:14:03.575 [main] DEBUG org.apache.http.headers -- >> Content-Length: 67
18:14:03.575 [main] DEBUG org.apache.http.headers -- >> Host: stellarburgers.nomoreparties.site
18:14:03.575 [main] DEBUG org.apache.http.headers -- >> Connection: Keep-Alive
18:14:03.575 [main] DEBUG org.apache.http.headers -- >> User-Agent: Apache-HttpClient/4.5.13 (Java/11.0.23)
18:14:03.576 [main] DEBUG org.apache.http.headers -- >> Accept-Encoding: gzip,deflate
18:14:03.576 [main] DEBUG org.apache.http.wire --  >> "{"name":"SfYfjMjLos","email":"mxpgx@dkyq.ru","password":"4I7Fq9cC"}"
18:14:03.703 [Finalizer] DEBUG org.apache.http.impl.conn.DefaultClientConnection -- Connection 0.0.0.0:51998<->104.21.57.42:443 closed
18:14:03.758 [main] DEBUG org.apache.http.wire --  << "HTTP/1.1 200 OK[\r][\n]"
18:14:03.759 [main] DEBUG org.apache.http.wire --  << "Date: Thu, 05 Sep 2024 15:10:57 GMT[\r][\n]"
18:14:03.759 [main] DEBUG org.apache.http.wire --  << "Content-Type: application/json; charset=utf-8[\r][\n]"
18:14:03.759 [main] DEBUG org.apache.http.wire --  << "Transfer-Encoding: chunked[\r][\n]"
18:14:03.759 [main] DEBUG org.apache.http.wire --  << "Connection: keep-alive[\r][\n]"
18:14:03.759 [main] DEBUG org.apache.http.wire --  << "X-Powered-By: Express[\r][\n]"
18:14:03.759 [main] DEBUG org.apache.http.wire --  << "Access-Control-Allow-Origin: *[\r][\n]"
18:14:03.759 [main] DEBUG org.apache.http.wire --  << "authorization: Bearer eyJhbGciOiJIUzI1NiIsInR5cCI6IkpXVCJ9.eyJpZCI6IjY2ZDljYTAxOWVkMjgwMDAxYjRhYzgwZSIsImlhdCI6MTcyNTU0OTA1NywiZXhwIjoxNzI1NTUwMjU3fQ.pVKGtXDBVaoe_dOJIH__t8GBu8-sApVJpgYRDJCQkY4[\r][\n]"
18:14:03.759 [main] DEBUG org.apache.http.wire --  << "ETag: W/"16a-+PHhVwGgOEEHEFfPF/RQq7kVqqI"[\r][\n]"
18:14:03.759 [main] DEBUG org.apache.http.wire --  << "CF-Cache-Status: DYNAMIC[\r][\n]"
18:14:03.759 [main] DEBUG org.apache.http.wire --  << "Report-To: {"endpoints":[{"url":"https:\/\/a.nel.cloudflare.com\/report\/v4?s=XRgMLxcOASJ2MANJdqV3Pa%2BEpung9YYTOfVYekyUtmJJPNuz8EggM8%2BmXd9y2OjyrSwbqPb836A5bYFLETgmbsDab3GI0nyeU2VwIiXrmMkFZzBdqfZvpJRIXDI6OaJxW8II8pZmTZp2OGefo6g0gOWtVPg%3D"}],"group":"cf-nel","max_age":604800}[\r][\n]"
18:14:03.759 [main] DEBUG org.apache.http.wire --  << "NEL: {"success_fraction":0,"report_to":"cf-nel","max_age":604800}[\r][\n]"
18:14:03.759 [main] DEBUG org.apache.http.wire --  << "Server: cloudflare[\r][\n]"
18:14:03.759 [main] DEBUG org.apache.http.wire --  << "CF-RAY: 8be72625d86f568e-OSL[\r][\n]"
18:14:03.759 [main] DEBUG org.apache.http.wire --  << "Content-Encoding: gzip[\r][\n]"
18:14:03.759 [main] DEBUG org.apache.http.wire --  << "alt-svc: h3=":443"; ma=86400[\r][\n]"
18:14:03.759 [main] DEBUG org.apache.http.wire --  << "[\r][\n]"
18:14:03.760 [main] DEBUG org.apache.http.impl.conn.DefaultClientConnection -- Receiving response: HTTP/1.1 200 OK
18:14:03.760 [main] DEBUG org.apache.http.headers -- << HTTP/1.1 200 OK
18:14:03.760 [main] DEBUG org.apache.http.headers -- << Date: Thu, 05 Sep 2024 15:10:57 GMT
18:14:03.760 [main] DEBUG org.apache.http.headers -- << Content-Type: application/json; charset=utf-8
18:14:03.760 [main] DEBUG org.apache.http.headers -- << Transfer-Encoding: chunked
18:14:03.760 [main] DEBUG org.apache.http.headers -- << Connection: keep-alive
18:14:03.760 [main] DEBUG org.apache.http.headers -- << X-Powered-By: Express
18:14:03.760 [main] DEBUG org.apache.http.headers -- << Access-Control-Allow-Origin: *
18:14:03.760 [main] DEBUG org.apache.http.headers -- << authorization: Bearer eyJhbGciOiJIUzI1NiIsInR5cCI6IkpXVCJ9.eyJpZCI6IjY2ZDljYTAxOWVkMjgwMDAxYjRhYzgwZSIsImlhdCI6MTcyNTU0OTA1NywiZXhwIjoxNzI1NTUwMjU3fQ.pVKGtXDBVaoe_dOJIH__t8GBu8-sApVJpgYRDJCQkY4
18:14:03.760 [main] DEBUG org.apache.http.headers -- << ETag: W/"16a-+PHhVwGgOEEHEFfPF/RQq7kVqqI"
18:14:03.760 [main] DEBUG org.apache.http.headers -- << CF-Cache-Status: DYNAMIC
18:14:03.760 [main] DEBUG org.apache.http.headers -- << Report-To: {"endpoints":[{"url":"https:\/\/a.nel.cloudflare.com\/report\/v4?s=XRgMLxcOASJ2MANJdqV3Pa%2BEpung9YYTOfVYekyUtmJJPNuz8EggM8%2BmXd9y2OjyrSwbqPb836A5bYFLETgmbsDab3GI0nyeU2VwIiXrmMkFZzBdqfZvpJRIXDI6OaJxW8II8pZmTZp2OGefo6g0gOWtVPg%3D"}],"group":"cf-nel","max_age":604800}
18:14:03.760 [main] DEBUG org.apache.http.headers -- << NEL: {"success_fraction":0,"report_to":"cf-nel","max_age":604800}
18:14:03.760 [main] DEBUG org.apache.http.headers -- << Server: cloudflare
18:14:03.760 [main] DEBUG org.apache.http.headers -- << CF-RAY: 8be72625d86f568e-OSL
18:14:03.760 [main] DEBUG org.apache.http.headers -- << Content-Encoding: gzip
18:14:03.760 [main] DEBUG org.apache.http.headers -- << alt-svc: h3=":443"; ma=86400
18:14:03.760 [main] DEBUG org.apache.http.impl.client.DefaultHttpClient -- Connection can be kept alive indefinitely
18:14:03.761 [main] DEBUG io.restassured.internal.RestAssuredHttpBuilder -- Parsing response as: application/json; charset=utf-8
18:14:03.761 [main] DEBUG org.apache.http.wire --  << "146[\r][\n]"
18:14:03.761 [main] DEBUG org.apache.http.wire --  << "[0x1f][0x8b][0x8][0x0][0x0][0x0][0x0][0x0][0x0][0x3]4[0x8f][0xcd]n[0x82]@[0x18][0x0]_[0xa5][0xf9][0xce][0xd4][0xb8](,[0xcb][0xa9][0xa8][0x89]]Z U[0xa4][0xc2][0xc5][0xc0][0xf2]!?*[0x94][0x95][0x0][0x1a][0xdf][0xbd][0xb1]I[0xaf]s[0x98][0xc9][0xdc]AvB[0xa0][0x94]`^[0xdb][0xe][0x15][0xe8]$[0xb6]`[0xde][0x1][0xcf]qq[0x2][0x13][0xce]Cs[0x1c][0xde][0xd2]j[0xfc][0x99][0xb4][0x1d](p[0x89][0xcf][0x8]&l[0xb3]0+[0x9d][0xf2][0xb3][0x96][0xf0]P [0xfe]S[0xf8]u[0x85][0x17]0a[0x81]q[0x8b][0xed][0xb][0x8e]v[0x9e][0xac]E[0xe1][0x15]6[0xdf][0xdd]8q[0xb].[0xf9]e[0xa3][0x89]%[0xd7]y[0xd5][0xec][0x83][0xa5][0xcd]&8[0xda]M[0xf4][0x4]e[0xa8]F[0xab]S[0x19][0xfa][0xd6][0xe0]}[0x7][0x95]S[0x1e]{ge[\r]a[0xb9][0xc9][0xc3][0xdb][0xb1][0x8f][0xb6]\[0xf2][0xf3])O[0x97]\w|1[0xba][0xfe]n[0xea][0xf9][0x16]q[0xc7][0xbe][0x88][0xf6]y[0xcf][0xcb]zp[0x9f][0x11][0xd7];[0xe5]n[0x96]}M[0x9a][0xe0]c}[0xdd][0xaf][0x16]A\[0xe3]![0xf5]l[0xfe]~8\[0x8d][0xf5][0xa2]3^[0xa5][0xd5][0x4]vs[0xc]7+{[0xf9]U[0x85]sP[0xa0][0xc5][0xac]E[0x99][0xff]?PA2J3A(C[0x83]155[0x12]4R[0x95][0xc6],[0x99][0x9][0xc1][0x4][0x8a]4[0xa1][0xba][0xce]tT[0x19][0xc9]b[0x86][0xd3]9I[0x12][0x9d]1[0xa2][0xa9][0x6][0x1a]4I5#[0x99]!Qu[0x8d][\n]"
18:14:03.761 [main] DEBUG org.apache.http.wire --  << "mN[0xe1][0xf1][0xb][0x0][0x0][0xff][0xff][0x3][0x0][0xec][0xa0][0xbd]Nj[0x1][0x0][0x0]"
18:14:03.761 [main] DEBUG org.apache.http.wire --  << "[\r][\n]"
18:14:03.761 [main] DEBUG org.apache.http.wire --  << "0[\r][\n]"
18:14:03.761 [main] DEBUG org.apache.http.wire --  << "[\r][\n]"
18:14:03.761 [main] DEBUG io.restassured.internal.RestAssuredHttpBuilder -- Parsed data to instance of: class org.apache.http.conn.EofSensorInputStream
18:14:06.109 [main] DEBUG org.apache.http.impl.conn.BasicClientConnectionManager -- Get connection for route {s}->https://stellarburgers.nomoreparties.site:443
18:14:06.109 [main] DEBUG org.apache.http.impl.conn.DefaultClientConnectionOperator -- Connecting to stellarburgers.nomoreparties.site:443
18:14:06.228 [main] DEBUG org.apache.http.client.protocol.RequestAddCookies -- CookieSpec selected: ignoreCookies
18:14:06.228 [main] DEBUG org.apache.http.client.protocol.RequestAuthCache -- Auth cache not set in the context
18:14:06.228 [main] DEBUG org.apache.http.client.protocol.RequestTargetAuthentication -- Target auth state: UNCHALLENGED
18:14:06.228 [main] DEBUG org.apache.http.client.protocol.RequestProxyAuthentication -- Proxy auth state: UNCHALLENGED
18:14:06.228 [main] DEBUG org.apache.http.impl.client.DefaultHttpClient -- Attempt 1 to execute request
18:14:06.230 [main] DEBUG org.apache.http.impl.conn.DefaultClientConnection -- Sending request: POST /api/auth/login HTTP/1.1
18:14:06.230 [main] DEBUG org.apache.http.wire --  >> "POST /api/auth/login HTTP/1.1[\r][\n]"
18:14:06.232 [main] DEBUG org.apache.http.wire --  >> "Accept: */*[\r][\n]"
18:14:06.233 [main] DEBUG org.apache.http.wire --  >> "Content-Type: application/json[\r][\n]"
18:14:06.233 [main] DEBUG org.apache.http.wire --  >> "Content-Length: 67[\r][\n]"
18:14:06.233 [main] DEBUG org.apache.http.wire --  >> "Host: stellarburgers.nomoreparties.site[\r][\n]"
18:14:06.233 [main] DEBUG org.apache.http.wire --  >> "Connection: Keep-Alive[\r][\n]"
18:14:06.234 [main] DEBUG org.apache.http.wire --  >> "User-Agent: Apache-HttpClient/4.5.13 (Java/11.0.23)[\r][\n]"
18:14:06.235 [main] DEBUG org.apache.http.wire --  >> "Accept-Encoding: gzip,deflate[\r][\n]"
18:14:06.235 [main] DEBUG org.apache.http.wire --  >> "[\r][\n]"
18:14:06.236 [main] DEBUG org.apache.http.headers -- >> POST /api/auth/login HTTP/1.1
18:14:06.236 [main] DEBUG org.apache.http.headers -- >> Accept: */*
18:14:06.236 [main] DEBUG org.apache.http.headers -- >> Content-Type: application/json
18:14:06.236 [main] DEBUG org.apache.http.headers -- >> Content-Length: 67
18:14:06.236 [main] DEBUG org.apache.http.headers -- >> Host: stellarburgers.nomoreparties.site
18:14:06.236 [main] DEBUG org.apache.http.headers -- >> Connection: Keep-Alive
18:14:06.236 [main] DEBUG org.apache.http.headers -- >> User-Agent: Apache-HttpClient/4.5.13 (Java/11.0.23)
18:14:06.236 [main] DEBUG org.apache.http.headers -- >> Accept-Encoding: gzip,deflate
18:14:06.236 [main] DEBUG org.apache.http.wire --  >> "{"name":"SfYfjMjLos","email":"mxpgx@dkyq.ru","password":"4I7Fq9cC"}"
18:14:06.427 [main] DEBUG org.apache.http.wire --  << "HTTP/1.1 200 OK[\r][\n]"
18:14:06.428 [main] DEBUG org.apache.http.wire --  << "Date: Thu, 05 Sep 2024 15:10:59 GMT[\r][\n]"
18:14:06.428 [main] DEBUG org.apache.http.wire --  << "Content-Type: application/json; charset=utf-8[\r][\n]"
18:14:06.428 [main] DEBUG org.apache.http.wire --  << "Transfer-Encoding: chunked[\r][\n]"
18:14:06.428 [main] DEBUG org.apache.http.wire --  << "Connection: keep-alive[\r][\n]"
18:14:06.428 [main] DEBUG org.apache.http.wire --  << "X-Powered-By: Express[\r][\n]"
18:14:06.428 [main] DEBUG org.apache.http.wire --  << "Access-Control-Allow-Origin: *[\r][\n]"
18:14:06.428 [main] DEBUG org.apache.http.wire --  << "ETag: W/"16a-36XnoPdYgueke26VUqUgsLf101c"[\r][\n]"
18:14:06.428 [main] DEBUG org.apache.http.wire --  << "CF-Cache-Status: DYNAMIC[\r][\n]"
18:14:06.429 [main] DEBUG org.apache.http.wire --  << "Report-To: {"endpoints":[{"url":"https:\/\/a.nel.cloudflare.com\/report\/v4?s=0lOwYBmIuFo9TOu9jjq0YIC4CVEh1g1U9WEa1NPyclgSdPrE1a2VnYrKB5sDaRmJfvO4H997k%2FAbNNXs4KnrOiA8BV5Bu2LgSPW3%2Fo%2FeBSCgMLcvxqjbJftdWT4cCVeeUaL6JT%2Ff29kbnAYsgbS3c2y3Wb0%3D"}],"group":"cf-nel","max_age":604800}[\r][\n]"
18:14:06.429 [main] DEBUG org.apache.http.wire --  << "NEL: {"success_fraction":0,"report_to":"cf-nel","max_age":604800}[\r][\n]"
18:14:06.429 [main] DEBUG org.apache.http.wire --  << "Server: cloudflare[\r][\n]"
18:14:06.429 [main] DEBUG org.apache.http.wire --  << "CF-RAY: 8be726367fc70b55-OSL[\r][\n]"
18:14:06.429 [main] DEBUG org.apache.http.wire --  << "Content-Encoding: gzip[\r][\n]"
18:14:06.429 [main] DEBUG org.apache.http.wire --  << "alt-svc: h3=":443"; ma=86400[\r][\n]"
18:14:06.429 [main] DEBUG org.apache.http.wire --  << "[\r][\n]"
18:14:06.429 [main] DEBUG org.apache.http.impl.conn.DefaultClientConnection -- Receiving response: HTTP/1.1 200 OK
18:14:06.429 [main] DEBUG org.apache.http.headers -- << HTTP/1.1 200 OK
18:14:06.429 [main] DEBUG org.apache.http.headers -- << Date: Thu, 05 Sep 2024 15:10:59 GMT
18:14:06.429 [main] DEBUG org.apache.http.headers -- << Content-Type: application/json; charset=utf-8
18:14:06.429 [main] DEBUG org.apache.http.headers -- << Transfer-Encoding: chunked
18:14:06.429 [main] DEBUG org.apache.http.headers -- << Connection: keep-alive
18:14:06.430 [main] DEBUG org.apache.http.headers -- << X-Powered-By: Express
18:14:06.430 [main] DEBUG org.apache.http.headers -- << Access-Control-Allow-Origin: *
18:14:06.430 [main] DEBUG org.apache.http.headers -- << ETag: W/"16a-36XnoPdYgueke26VUqUgsLf101c"
18:14:06.430 [main] DEBUG org.apache.http.headers -- << CF-Cache-Status: DYNAMIC
18:14:06.430 [main] DEBUG org.apache.http.headers -- << Report-To: {"endpoints":[{"url":"https:\/\/a.nel.cloudflare.com\/report\/v4?s=0lOwYBmIuFo9TOu9jjq0YIC4CVEh1g1U9WEa1NPyclgSdPrE1a2VnYrKB5sDaRmJfvO4H997k%2FAbNNXs4KnrOiA8BV5Bu2LgSPW3%2Fo%2FeBSCgMLcvxqjbJftdWT4cCVeeUaL6JT%2Ff29kbnAYsgbS3c2y3Wb0%3D"}],"group":"cf-nel","max_age":604800}
18:14:06.430 [main] DEBUG org.apache.http.headers -- << NEL: {"success_fraction":0,"report_to":"cf-nel","max_age":604800}
18:14:06.430 [main] DEBUG org.apache.http.headers -- << Server: cloudflare
18:14:06.430 [main] DEBUG org.apache.http.headers -- << CF-RAY: 8be726367fc70b55-OSL
18:14:06.430 [main] DEBUG org.apache.http.headers -- << Content-Encoding: gzip
18:14:06.430 [main] DEBUG org.apache.http.headers -- << alt-svc: h3=":443"; ma=86400
18:14:06.430 [main] DEBUG org.apache.http.impl.client.DefaultHttpClient -- Connection can be kept alive indefinitely
18:14:06.431 [main] DEBUG io.restassured.internal.RestAssuredHttpBuilder -- Parsing response as: application/json; charset=utf-8
18:14:06.431 [main] DEBUG org.apache.http.wire --  << "146[\r][\n]"
18:14:06.431 [main] DEBUG org.apache.http.wire --  << "[0x1f][0x8b][0x8][0x0][0x0][0x0][0x0][0x0][0x0][0x3]4[0x8f][0xcd]n[0x82]@[0x18][0x0]_[0xa5][0xf9][0xce][0xc4],[0xb0][0xec][0x2][0xa7]"[0xa6]f[0x89]`[0xab][0xa8][0xc0][0xa5][0x81]u[0x91]_[0xb5]K)[0xa0][0xf1][0xdd][0x1b][0x9b][0xf4]8s[0x99][0xcc][0x1d][0xba][0x9e]s[0xd1]u`[0xcb]^([0x90][0xfe]Qx[0xa9][0xc5][0x19]l[0x98][0x8b]T[\n]"
18:14:06.431 [main] DEBUG org.apache.http.wire --  << "[0xf9]"&[0xaf][0xc8][0x96][0xbc]\[0x97][0x1e][0xdb][0xdd][0x98][0x1a][0x94][0xac]c[0xe7][0x8d][0xc1]]FX}[0x8d][0xf6][0xae]g[0xcd][0xc4][0xe4]][0x93][0xa7][0xa8]b-Y4U[0x1c]:[0xe3][0xfa][0xb0][0xaf][0xfd][0xea]4[0xf8][0xb]g[0x8c][0xab]M[0x11][0xdf]NC[0xb2]e[0x1d]k[0x9b][0xe2][0xe8]2[0xe2][0x87]|[\n]"
18:14:06.432 [main] DEBUG org.apache.http.wire --  << "[0xc2][0x1d]Z[0x87][0x8e][0xba][0xde][0xe]e[0x12][0x15][0x3][0xab].c[0xf0][0x8c][0x84][0xbb][0xc1][0xaf]vF[0xfe]1{c[0x91][0xe5][0xc]Z[0xe0]6[0xee][0x8a]m[0xda][0xf9][0xb5]=H[0x9e][0xd0][0xfd][0x7][0x1d][0xd1][0x92][0x6][0x9f][0x9e][0xe5][0xfc][0xcc][0xb3]H[0xba]1( E.EW[0xfc]? ar[0x13][0xe5][0xc7][0xd4][0xcc]([0xb5]4[0xac][0xa5][0x94][0xe8]4[0xc3]z[0x86][0x89][0x96][0x12][0xb][0xe7]H[0xe5][0xd4][0xc4][0xdc]T[0x91][0x8a][0x9]Q[0x5][0xb2][0x10][0xc1]:[0xc9]Ta[0xe5][0xd4]4[0x90]F[0x5][0xc1][0xb9]jXXG[0xc6][0x11][0x14][0xe8];![0xc1][0xbe][0x83]h[0xd3][0xb2][0x1][0x1b][0xda][0xf1]z[0x1a]_[0x8f][0xf5][0xf4]5[0x93]=(pN[[0x1]6l[0xf3]8[0xaf][0xfc]ju[0xe9][0xe0][0xf1][0xf8][0x5][0x0][0x0][0xff][0xff][0x3][0x0]:~[0xcd][0x9b]j[0x1][0x0][0x0]"
18:14:06.432 [main] DEBUG org.apache.http.wire --  << "[\r][\n]"
18:14:06.433 [main] DEBUG org.apache.http.wire --  << "0[\r][\n]"
18:14:06.444 [main] DEBUG org.apache.http.wire --  << "[\r][\n]"
18:14:06.445 [main] DEBUG io.restassured.internal.RestAssuredHttpBuilder -- Parsed data to instance of: class org.apache.http.conn.EofSensorInputStream
18:14:06.448 [main] DEBUG org.apache.http.impl.conn.BasicClientConnectionManager -- Releasing connection org.apache.http.impl.conn.ManagedClientConnectionImpl@1484cb57
18:14:06.449 [main] DEBUG org.apache.http.impl.conn.BasicClientConnectionManager -- Connection can be kept alive indefinitely
18:14:06.505 [main] DEBUG org.apache.http.impl.conn.BasicClientConnectionManager -- Get connection for route {s}->https://stellarburgers.nomoreparties.site:443
18:14:06.505 [main] DEBUG org.apache.http.impl.conn.DefaultClientConnectionOperator -- Connecting to stellarburgers.nomoreparties.site:443
18:14:06.643 [main] DEBUG org.apache.http.client.protocol.RequestAddCookies -- CookieSpec selected: ignoreCookies
18:14:06.643 [main] DEBUG org.apache.http.client.protocol.RequestAuthCache -- Auth cache not set in the context
18:14:06.643 [main] DEBUG org.apache.http.client.protocol.RequestProxyAuthentication -- Proxy auth state: UNCHALLENGED
18:14:06.643 [main] DEBUG org.apache.http.impl.client.DefaultHttpClient -- Attempt 1 to execute request
18:14:06.643 [main] DEBUG org.apache.http.impl.conn.DefaultClientConnection -- Sending request: DELETE /api/auth/user HTTP/1.1
18:14:06.643 [main] DEBUG org.apache.http.wire --  >> "DELETE /api/auth/user HTTP/1.1[\r][\n]"
18:14:06.644 [main] DEBUG org.apache.http.wire --  >> "Authorization: Bearer eyJhbGciOiJIUzI1NiIsInR5cCI6IkpXVCJ9.eyJpZCI6IjY2ZDljYTAxOWVkMjgwMDAxYjRhYzgwZSIsImlhdCI6MTcyNTU0OTA1OSwiZXhwIjoxNzI1NTUwMjU5fQ.PFIX9Aw2NClCLIRmBpmWrcZ7VQ7x0G7N_J9AvBbXrCY[\r][\n]"
18:14:06.644 [main] DEBUG org.apache.http.wire --  >> "Accept: */*[\r][\n]"
18:14:06.644 [main] DEBUG org.apache.http.wire --  >> "Content-Type: application/json[\r][\n]"
18:14:06.644 [main] DEBUG org.apache.http.wire --  >> "Content-Length: 67[\r][\n]"
18:14:06.644 [main] DEBUG org.apache.http.wire --  >> "Host: stellarburgers.nomoreparties.site[\r][\n]"
18:14:06.644 [main] DEBUG org.apache.http.wire --  >> "Connection: Keep-Alive[\r][\n]"
18:14:06.644 [main] DEBUG org.apache.http.wire --  >> "User-Agent: Apache-HttpClient/4.5.13 (Java/11.0.23)[\r][\n]"
18:14:06.644 [main] DEBUG org.apache.http.wire --  >> "Accept-Encoding: gzip,deflate[\r][\n]"
18:14:06.644 [main] DEBUG org.apache.http.wire --  >> "[\r][\n]"
18:14:06.644 [main] DEBUG org.apache.http.headers -- >> DELETE /api/auth/user HTTP/1.1
18:14:06.645 [main] DEBUG org.apache.http.headers -- >> Authorization: Bearer eyJhbGciOiJIUzI1NiIsInR5cCI6IkpXVCJ9.eyJpZCI6IjY2ZDljYTAxOWVkMjgwMDAxYjRhYzgwZSIsImlhdCI6MTcyNTU0OTA1OSwiZXhwIjoxNzI1NTUwMjU5fQ.PFIX9Aw2NClCLIRmBpmWrcZ7VQ7x0G7N_J9AvBbXrCY
18:14:06.645 [main] DEBUG org.apache.http.headers -- >> Accept: */*
18:14:06.645 [main] DEBUG org.apache.http.headers -- >> Content-Type: application/json
18:14:06.645 [main] DEBUG org.apache.http.headers -- >> Content-Length: 67
18:14:06.645 [main] DEBUG org.apache.http.headers -- >> Host: stellarburgers.nomoreparties.site
18:14:06.645 [main] DEBUG org.apache.http.headers -- >> Connection: Keep-Alive
18:14:06.645 [main] DEBUG org.apache.http.headers -- >> User-Agent: Apache-HttpClient/4.5.13 (Java/11.0.23)
18:14:06.645 [main] DEBUG org.apache.http.headers -- >> Accept-Encoding: gzip,deflate
18:14:06.645 [main] DEBUG org.apache.http.wire --  >> "{"name":"SfYfjMjLos","email":"mxpgx@dkyq.ru","password":"4I7Fq9cC"}"
18:14:07.124 [main] DEBUG org.apache.http.wire --  << "HTTP/1.1 202 Accepted[\r][\n]"
18:14:07.125 [main] DEBUG org.apache.http.wire --  << "Date: Thu, 05 Sep 2024 15:11:00 GMT[\r][\n]"
18:14:07.126 [main] DEBUG org.apache.http.wire --  << "Content-Type: application/json; charset=utf-8[\r][\n]"
18:14:07.126 [main] DEBUG org.apache.http.wire --  << "Content-Length: 54[\r][\n]"
18:14:07.127 [main] DEBUG org.apache.http.wire --  << "Connection: keep-alive[\r][\n]"
18:14:07.127 [main] DEBUG org.apache.http.wire --  << "X-Powered-By: Express[\r][\n]"
18:14:07.127 [main] DEBUG org.apache.http.wire --  << "Access-Control-Allow-Origin: *[\r][\n]"
18:14:07.127 [main] DEBUG org.apache.http.wire --  << "ETag: W/"36-hDmZnQ3Ou/ynnqAeC6TYmyseuzY"[\r][\n]"
18:14:07.127 [main] DEBUG org.apache.http.wire --  << "CF-Cache-Status: DYNAMIC[\r][\n]"
18:14:07.127 [main] DEBUG org.apache.http.wire --  << "Report-To: {"endpoints":[{"url":"https:\/\/a.nel.cloudflare.com\/report\/v4?s=63Emehlbz0R8UYlFM%2FVBGBzfrS%2BmCzCxwj%2Bf5WkQK%2FTCGj3fBWpv5JAnKptw9llE11GTwWMdBRnTiBe56cBEVzDUCRflDHH38K6jOUuFcY%2BarIozzGwqyzEnNGRxa8KR18zrBclRslxAPmzXNUlBdcDqxQE%3D"}],"group":"cf-nel","max_age":604800}[\r][\n]"
18:14:07.127 [main] DEBUG org.apache.http.wire --  << "NEL: {"success_fraction":0,"report_to":"cf-nel","max_age":604800}[\r][\n]"
18:14:07.128 [main] DEBUG org.apache.http.wire --  << "Server: cloudflare[\r][\n]"
18:14:07.128 [main] DEBUG org.apache.http.wire --  << "CF-RAY: 8be7263909feb52d-OSL[\r][\n]"
18:14:07.129 [main] DEBUG org.apache.http.wire --  << "alt-svc: h3=":443"; ma=86400[\r][\n]"
18:14:07.129 [main] DEBUG org.apache.http.wire --  << "[\r][\n]"
18:14:07.129 [main] DEBUG org.apache.http.impl.conn.DefaultClientConnection -- Receiving response: HTTP/1.1 202 Accepted
18:14:07.129 [main] DEBUG org.apache.http.headers -- << HTTP/1.1 202 Accepted
18:14:07.131 [main] DEBUG org.apache.http.headers -- << Date: Thu, 05 Sep 2024 15:11:00 GMT
18:14:07.131 [main] DEBUG org.apache.http.headers -- << Content-Type: application/json; charset=utf-8
18:14:07.131 [main] DEBUG org.apache.http.headers -- << Content-Length: 54
18:14:07.131 [main] DEBUG org.apache.http.headers -- << Connection: keep-alive
18:14:07.131 [main] DEBUG org.apache.http.headers -- << X-Powered-By: Express
18:14:07.131 [main] DEBUG org.apache.http.headers -- << Access-Control-Allow-Origin: *
18:14:07.131 [main] DEBUG org.apache.http.headers -- << ETag: W/"36-hDmZnQ3Ou/ynnqAeC6TYmyseuzY"
18:14:07.131 [main] DEBUG org.apache.http.headers -- << CF-Cache-Status: DYNAMIC
18:14:07.131 [main] DEBUG org.apache.http.headers -- << Report-To: {"endpoints":[{"url":"https:\/\/a.nel.cloudflare.com\/report\/v4?s=63Emehlbz0R8UYlFM%2FVBGBzfrS%2BmCzCxwj%2Bf5WkQK%2FTCGj3fBWpv5JAnKptw9llE11GTwWMdBRnTiBe56cBEVzDUCRflDHH38K6jOUuFcY%2BarIozzGwqyzEnNGRxa8KR18zrBclRslxAPmzXNUlBdcDqxQE%3D"}],"group":"cf-nel","max_age":604800}
18:14:07.131 [main] DEBUG org.apache.http.headers -- << NEL: {"success_fraction":0,"report_to":"cf-nel","max_age":604800}
18:14:07.131 [main] DEBUG org.apache.http.headers -- << Server: cloudflare
18:14:07.131 [main] DEBUG org.apache.http.headers -- << CF-RAY: 8be7263909feb52d-OSL
18:14:07.131 [main] DEBUG org.apache.http.headers -- << alt-svc: h3=":443"; ma=86400
18:14:07.131 [main] DEBUG org.apache.http.impl.client.DefaultHttpClient -- Connection can be kept alive indefinitely
18:14:07.139 [main] DEBUG io.restassured.internal.RestAssuredHttpBuilder -- Parsing response as: application/json; charset=utf-8
18:14:07.139 [main] DEBUG io.restassured.internal.RestAssuredHttpBuilder -- Parsed data to instance of: class org.apache.http.conn.EofSensorInputStream
]]></system-out>
    <system-err><![CDATA[сент. 05, 2024 6:13:56 PM org.openqa.selenium.devtools.CdpVersionFinder findNearestMatch
WARNING: Unable to find an exact match for CDP version 128, returning the closest version; found: 126; Please update to a Selenium version that supports CDP version 128
]]></system-err>
  </testcase>
  <testcase name="loginTest[2]" classname="LoginTest" time="18.979">
    <system-out><![CDATA[18:14:21.235 [main] DEBUG org.apache.http.impl.conn.BasicClientConnectionManager -- Get connection for route {s}->https://stellarburgers.nomoreparties.site:443
18:14:21.236 [main] DEBUG org.apache.http.impl.conn.DefaultClientConnectionOperator -- Connecting to stellarburgers.nomoreparties.site:443
18:14:21.358 [main] DEBUG org.apache.http.client.protocol.RequestAddCookies -- CookieSpec selected: ignoreCookies
18:14:21.358 [main] DEBUG org.apache.http.client.protocol.RequestAuthCache -- Auth cache not set in the context
18:14:21.358 [main] DEBUG org.apache.http.client.protocol.RequestTargetAuthentication -- Target auth state: UNCHALLENGED
18:14:21.358 [main] DEBUG org.apache.http.client.protocol.RequestProxyAuthentication -- Proxy auth state: UNCHALLENGED
18:14:21.358 [main] DEBUG org.apache.http.impl.client.DefaultHttpClient -- Attempt 1 to execute request
18:14:21.358 [main] DEBUG org.apache.http.impl.conn.DefaultClientConnection -- Sending request: POST /api/auth/register HTTP/1.1
18:14:21.358 [main] DEBUG org.apache.http.wire --  >> "POST /api/auth/register HTTP/1.1[\r][\n]"
18:14:21.358 [main] DEBUG org.apache.http.wire --  >> "Accept: */*[\r][\n]"
18:14:21.358 [main] DEBUG org.apache.http.wire --  >> "Content-Type: application/json[\r][\n]"
18:14:21.358 [main] DEBUG org.apache.http.wire --  >> "Content-Length: 67[\r][\n]"
18:14:21.358 [main] DEBUG org.apache.http.wire --  >> "Host: stellarburgers.nomoreparties.site[\r][\n]"
18:14:21.358 [main] DEBUG org.apache.http.wire --  >> "Connection: Keep-Alive[\r][\n]"
18:14:21.358 [main] DEBUG org.apache.http.wire --  >> "User-Agent: Apache-HttpClient/4.5.13 (Java/11.0.23)[\r][\n]"
18:14:21.358 [main] DEBUG org.apache.http.wire --  >> "Accept-Encoding: gzip,deflate[\r][\n]"
18:14:21.358 [main] DEBUG org.apache.http.wire --  >> "[\r][\n]"
18:14:21.358 [main] DEBUG org.apache.http.headers -- >> POST /api/auth/register HTTP/1.1
18:14:21.359 [main] DEBUG org.apache.http.headers -- >> Accept: */*
18:14:21.359 [main] DEBUG org.apache.http.headers -- >> Content-Type: application/json
18:14:21.359 [main] DEBUG org.apache.http.headers -- >> Content-Length: 67
18:14:21.359 [main] DEBUG org.apache.http.headers -- >> Host: stellarburgers.nomoreparties.site
18:14:21.359 [main] DEBUG org.apache.http.headers -- >> Connection: Keep-Alive
18:14:21.359 [main] DEBUG org.apache.http.headers -- >> User-Agent: Apache-HttpClient/4.5.13 (Java/11.0.23)
18:14:21.359 [main] DEBUG org.apache.http.headers -- >> Accept-Encoding: gzip,deflate
18:14:21.359 [main] DEBUG org.apache.http.wire --  >> "{"name":"zMwVxiHDas","email":"xxhru@rwcu.ru","password":"SuIYF0zA"}"
18:14:21.499 [main] DEBUG org.apache.http.wire --  << "HTTP/1.1 200 OK[\r][\n]"
18:14:21.499 [main] DEBUG org.apache.http.wire --  << "Date: Thu, 05 Sep 2024 15:11:14 GMT[\r][\n]"
18:14:21.499 [main] DEBUG org.apache.http.wire --  << "Content-Type: application/json; charset=utf-8[\r][\n]"
18:14:21.499 [main] DEBUG org.apache.http.wire --  << "Transfer-Encoding: chunked[\r][\n]"
18:14:21.499 [main] DEBUG org.apache.http.wire --  << "Connection: keep-alive[\r][\n]"
18:14:21.499 [main] DEBUG org.apache.http.wire --  << "X-Powered-By: Express[\r][\n]"
18:14:21.499 [main] DEBUG org.apache.http.wire --  << "Access-Control-Allow-Origin: *[\r][\n]"
18:14:21.499 [main] DEBUG org.apache.http.wire --  << "authorization: Bearer eyJhbGciOiJIUzI1NiIsInR5cCI6IkpXVCJ9.eyJpZCI6IjY2ZDljYTEyOWVkMjgwMDAxYjRhYzgxMiIsImlhdCI6MTcyNTU0OTA3NCwiZXhwIjoxNzI1NTUwMjc0fQ.GYC1ZPCuYfaR3lUhfbvqNQPwa7oK28cNZh1H2ws-5R4[\r][\n]"
18:14:21.499 [main] DEBUG org.apache.http.wire --  << "ETag: W/"16a-/rIxm56hElZa/gaKZ6ArYPk1imI"[\r][\n]"
18:14:21.499 [main] DEBUG org.apache.http.wire --  << "CF-Cache-Status: DYNAMIC[\r][\n]"
18:14:21.499 [main] DEBUG org.apache.http.wire --  << "Report-To: {"endpoints":[{"url":"https:\/\/a.nel.cloudflare.com\/report\/v4?s=NchNnbUaVGqEJ3tQXNtZCF43n2Z2EGNuKqElB9RzyrJloWlbwev%2B%2FWBsOFbQRGr%2FWmASeJQQ2%2B15f3uYW1Jyr7eG%2B4MHNJMhiTC9cFL0eo761UhwAmhg4fO5dCItDXPpOX%2FjVQZJc2w7OuSd49KiS2pz948%3D"}],"group":"cf-nel","max_age":604800}[\r][\n]"
18:14:21.499 [main] DEBUG org.apache.http.wire --  << "NEL: {"success_fraction":0,"report_to":"cf-nel","max_age":604800}[\r][\n]"
18:14:21.499 [main] DEBUG org.apache.http.wire --  << "Server: cloudflare[\r][\n]"
18:14:21.499 [main] DEBUG org.apache.http.wire --  << "CF-RAY: 8be72694fbc456c5-OSL[\r][\n]"
18:14:21.499 [main] DEBUG org.apache.http.wire --  << "Content-Encoding: gzip[\r][\n]"
18:14:21.499 [main] DEBUG org.apache.http.wire --  << "alt-svc: h3=":443"; ma=86400[\r][\n]"
18:14:21.500 [main] DEBUG org.apache.http.wire --  << "[\r][\n]"
18:14:21.500 [main] DEBUG org.apache.http.impl.conn.DefaultClientConnection -- Receiving response: HTTP/1.1 200 OK
18:14:21.500 [main] DEBUG org.apache.http.headers -- << HTTP/1.1 200 OK
18:14:21.500 [main] DEBUG org.apache.http.headers -- << Date: Thu, 05 Sep 2024 15:11:14 GMT
18:14:21.500 [main] DEBUG org.apache.http.headers -- << Content-Type: application/json; charset=utf-8
18:14:21.500 [main] DEBUG org.apache.http.headers -- << Transfer-Encoding: chunked
18:14:21.500 [main] DEBUG org.apache.http.headers -- << Connection: keep-alive
18:14:21.500 [main] DEBUG org.apache.http.headers -- << X-Powered-By: Express
18:14:21.500 [main] DEBUG org.apache.http.headers -- << Access-Control-Allow-Origin: *
18:14:21.500 [main] DEBUG org.apache.http.headers -- << authorization: Bearer eyJhbGciOiJIUzI1NiIsInR5cCI6IkpXVCJ9.eyJpZCI6IjY2ZDljYTEyOWVkMjgwMDAxYjRhYzgxMiIsImlhdCI6MTcyNTU0OTA3NCwiZXhwIjoxNzI1NTUwMjc0fQ.GYC1ZPCuYfaR3lUhfbvqNQPwa7oK28cNZh1H2ws-5R4
18:14:21.500 [main] DEBUG org.apache.http.headers -- << ETag: W/"16a-/rIxm56hElZa/gaKZ6ArYPk1imI"
18:14:21.500 [main] DEBUG org.apache.http.headers -- << CF-Cache-Status: DYNAMIC
18:14:21.500 [main] DEBUG org.apache.http.headers -- << Report-To: {"endpoints":[{"url":"https:\/\/a.nel.cloudflare.com\/report\/v4?s=NchNnbUaVGqEJ3tQXNtZCF43n2Z2EGNuKqElB9RzyrJloWlbwev%2B%2FWBsOFbQRGr%2FWmASeJQQ2%2B15f3uYW1Jyr7eG%2B4MHNJMhiTC9cFL0eo761UhwAmhg4fO5dCItDXPpOX%2FjVQZJc2w7OuSd49KiS2pz948%3D"}],"group":"cf-nel","max_age":604800}
18:14:21.500 [main] DEBUG org.apache.http.headers -- << NEL: {"success_fraction":0,"report_to":"cf-nel","max_age":604800}
18:14:21.500 [main] DEBUG org.apache.http.headers -- << Server: cloudflare
18:14:21.500 [main] DEBUG org.apache.http.headers -- << CF-RAY: 8be72694fbc456c5-OSL
18:14:21.500 [main] DEBUG org.apache.http.headers -- << Content-Encoding: gzip
18:14:21.500 [main] DEBUG org.apache.http.headers -- << alt-svc: h3=":443"; ma=86400
18:14:21.500 [main] DEBUG org.apache.http.impl.client.DefaultHttpClient -- Connection can be kept alive indefinitely
18:14:21.501 [main] DEBUG io.restassured.internal.RestAssuredHttpBuilder -- Parsing response as: application/json; charset=utf-8
18:14:21.501 [main] DEBUG org.apache.http.wire --  << "144[\r][\n]"
18:14:21.501 [main] DEBUG org.apache.http.wire --  << "[0x1f][0x8b][0x8][0x0][0x0][0x0][0x0][0x0][0x0][0x3]4[0x8f][0xdb]n[0x82]@[0x14]E[0xa5]9[0xcf][0xd4][0xc0]p[0xe7][0xa9][0x16][0x1b][0x1d][0x1a][0xb0][0x12][0xb0][0xc2][0xdb]p[0x18][0x4][0xc4]KgJ[0x1][0x8d][0xff][0xde][0xd8][0xa4][0xaf];Yke[0xdf]@[0xf6][0x88]\J[0xf0][0xbe]E[0xcf][0x15][0xe8]%[0x17][0xe0][0xdd][0x80][0x1f]Y[0xd3][0x81][0x7][0xe3]X[0x8b][0xfe]E[0xc][0xd8][0xcf]D[0xf][\n]"
18:14:21.501 [main] DEBUG org.apache.http.wire --  << "[0x9c][0xd8][0x91][0x83][0x7][0xd7]p[0xd8][0x8e][0xcd]j[0xc1]$[0xdc][0x15]`[0x8a][0xe4]|[0xe0]'[0xf0][0xe0][0x95]3[0xc1][0xc5][0x13][0x9f][0x82][0xba]Xb[0xb3]n[0x2][0x9a]^[0xa9][0x16]5T[0xd2]Sl[0xa2]O-z[0xb8][0xec][0xb6]~[0xe0][0xce][0xf8][0x14]\[0xf2][0xc7][0xd0]f$_tm[0x96][0xbc]M[0xeb][0xcf][0xed]!l[0xf7]C[0xb8][0x98][0x8f]Y[0x1b][0xd7][0xd9]u?[0x86][0xf][0xf8][0xd8][0xd5][0xa5]O[0xad]0[0xc1])JRu[0x9d][0xcc][0xf5][0xc8][0x1f][0x9a]|W[0xf][0xb4]=[0x8f][0xd1]#[0x92][0xa4]C[0xd8][0xa2]Zmf[0xcb][0xcc][0xd7][0xf2][0xf][0xbf][0xcf]*[0x16][0xeb]]ZW[0xc5][0xcf]W[0xb4][0xf9][0x18][0x98]}~'[0xe]Fy[0xad][0xad][0xc8] [0x9f][0xcd][0xd8][0x0][0x5][0x4][0xaf][0x4][0x97][0xf5][0xff][0x7][0xee]X[0xe]A[0xe6]"7L[0xcb]6K[0xee][0x1a][0x84][0xd8]LG[0xbb][0xb0]+[0xd4][0x1c][0xe6]TDWuD[0xd3][0xd1]-[0xae][0x91][0xa2][0xd0][\n]"
18:14:21.501 [main] DEBUG org.apache.http.wire --  << "[0xd3]-UUg[0x86]Z[0x12][0xa7]B[0xd4][0x1c][0x97]h:Q[0x8d][0x2][0x99][0x1][0xf7]_[0x0][0x0][0x0][0xff][0xff][0x3][0x0]<[0xd5][0xf0]yj[0x1][0x0][0x0]"
18:14:21.501 [main] DEBUG org.apache.http.wire --  << "[\r][\n]"
18:14:21.512 [main] DEBUG org.apache.http.wire --  << "0[\r][\n]"
18:14:21.512 [main] DEBUG org.apache.http.wire --  << "[\r][\n]"
18:14:21.512 [main] DEBUG io.restassured.internal.RestAssuredHttpBuilder -- Parsed data to instance of: class org.apache.http.conn.EofSensorInputStream
18:14:25.138 [main] DEBUG org.apache.http.impl.conn.BasicClientConnectionManager -- Get connection for route {s}->https://stellarburgers.nomoreparties.site:443
18:14:25.138 [main] DEBUG org.apache.http.impl.conn.DefaultClientConnectionOperator -- Connecting to stellarburgers.nomoreparties.site:443
18:14:25.280 [main] DEBUG org.apache.http.client.protocol.RequestAddCookies -- CookieSpec selected: ignoreCookies
18:14:25.281 [main] DEBUG org.apache.http.client.protocol.RequestAuthCache -- Auth cache not set in the context
18:14:25.281 [main] DEBUG org.apache.http.client.protocol.RequestTargetAuthentication -- Target auth state: UNCHALLENGED
18:14:25.281 [main] DEBUG org.apache.http.client.protocol.RequestProxyAuthentication -- Proxy auth state: UNCHALLENGED
18:14:25.281 [main] DEBUG org.apache.http.impl.client.DefaultHttpClient -- Attempt 1 to execute request
18:14:25.281 [main] DEBUG org.apache.http.impl.conn.DefaultClientConnection -- Sending request: POST /api/auth/login HTTP/1.1
18:14:25.282 [main] DEBUG org.apache.http.wire --  >> "POST /api/auth/login HTTP/1.1[\r][\n]"
18:14:25.282 [main] DEBUG org.apache.http.wire --  >> "Accept: */*[\r][\n]"
18:14:25.282 [main] DEBUG org.apache.http.wire --  >> "Content-Type: application/json[\r][\n]"
18:14:25.282 [main] DEBUG org.apache.http.wire --  >> "Content-Length: 67[\r][\n]"
18:14:25.282 [main] DEBUG org.apache.http.wire --  >> "Host: stellarburgers.nomoreparties.site[\r][\n]"
18:14:25.282 [main] DEBUG org.apache.http.wire --  >> "Connection: Keep-Alive[\r][\n]"
18:14:25.282 [main] DEBUG org.apache.http.wire --  >> "User-Agent: Apache-HttpClient/4.5.13 (Java/11.0.23)[\r][\n]"
18:14:25.282 [main] DEBUG org.apache.http.wire --  >> "Accept-Encoding: gzip,deflate[\r][\n]"
18:14:25.283 [main] DEBUG org.apache.http.wire --  >> "[\r][\n]"
18:14:25.283 [main] DEBUG org.apache.http.headers -- >> POST /api/auth/login HTTP/1.1
18:14:25.283 [main] DEBUG org.apache.http.headers -- >> Accept: */*
18:14:25.283 [main] DEBUG org.apache.http.headers -- >> Content-Type: application/json
18:14:25.283 [main] DEBUG org.apache.http.headers -- >> Content-Length: 67
18:14:25.283 [main] DEBUG org.apache.http.headers -- >> Host: stellarburgers.nomoreparties.site
18:14:25.284 [main] DEBUG org.apache.http.headers -- >> Connection: Keep-Alive
18:14:25.284 [main] DEBUG org.apache.http.headers -- >> User-Agent: Apache-HttpClient/4.5.13 (Java/11.0.23)
18:14:25.284 [main] DEBUG org.apache.http.headers -- >> Accept-Encoding: gzip,deflate
18:14:25.284 [main] DEBUG org.apache.http.wire --  >> "{"name":"zMwVxiHDas","email":"xxhru@rwcu.ru","password":"SuIYF0zA"}"
18:14:25.493 [main] DEBUG org.apache.http.wire --  << "HTTP/1.1 200 OK[\r][\n]"
18:14:25.493 [main] DEBUG org.apache.http.wire --  << "Date: Thu, 05 Sep 2024 15:11:18 GMT[\r][\n]"
18:14:25.494 [main] DEBUG org.apache.http.wire --  << "Content-Type: application/json; charset=utf-8[\r][\n]"
18:14:25.494 [main] DEBUG org.apache.http.wire --  << "Transfer-Encoding: chunked[\r][\n]"
18:14:25.494 [main] DEBUG org.apache.http.wire --  << "Connection: keep-alive[\r][\n]"
18:14:25.494 [main] DEBUG org.apache.http.wire --  << "X-Powered-By: Express[\r][\n]"
18:14:25.494 [main] DEBUG org.apache.http.wire --  << "Access-Control-Allow-Origin: *[\r][\n]"
18:14:25.494 [main] DEBUG org.apache.http.wire --  << "ETag: W/"16a-xZKeJ3eLycGHeWVWaGyvuaSGbWc"[\r][\n]"
18:14:25.494 [main] DEBUG org.apache.http.wire --  << "CF-Cache-Status: DYNAMIC[\r][\n]"
18:14:25.494 [main] DEBUG org.apache.http.wire --  << "Report-To: {"endpoints":[{"url":"https:\/\/a.nel.cloudflare.com\/report\/v4?s=XtbFfaCA4HTwM9j6fPeQmId9Ky0RKxlatuaAxRqEiRsscYypaqU7UQQxVDitlmwNVSFAZngH%2BNJqvfmEWAtPyBa3T%2FrjvtjVbxEzZOENheibR5AL0QCAbsUFO%2FSruOAjKBJay0THTcRkWnY7TGUrHGkT%2F1U%3D"}],"group":"cf-nel","max_age":604800}[\r][\n]"
18:14:25.494 [main] DEBUG org.apache.http.wire --  << "NEL: {"success_fraction":0,"report_to":"cf-nel","max_age":604800}[\r][\n]"
18:14:25.494 [main] DEBUG org.apache.http.wire --  << "Server: cloudflare[\r][\n]"
18:14:25.495 [main] DEBUG org.apache.http.wire --  << "CF-RAY: 8be726ad8c42b515-OSL[\r][\n]"
18:14:25.495 [main] DEBUG org.apache.http.wire --  << "Content-Encoding: gzip[\r][\n]"
18:14:25.495 [main] DEBUG org.apache.http.wire --  << "alt-svc: h3=":443"; ma=86400[\r][\n]"
18:14:25.495 [main] DEBUG org.apache.http.wire --  << "[\r][\n]"
18:14:25.495 [main] DEBUG org.apache.http.impl.conn.DefaultClientConnection -- Receiving response: HTTP/1.1 200 OK
18:14:25.495 [main] DEBUG org.apache.http.headers -- << HTTP/1.1 200 OK
18:14:25.496 [main] DEBUG org.apache.http.headers -- << Date: Thu, 05 Sep 2024 15:11:18 GMT
18:14:25.496 [main] DEBUG org.apache.http.headers -- << Content-Type: application/json; charset=utf-8
18:14:25.496 [main] DEBUG org.apache.http.headers -- << Transfer-Encoding: chunked
18:14:25.496 [main] DEBUG org.apache.http.headers -- << Connection: keep-alive
18:14:25.496 [main] DEBUG org.apache.http.headers -- << X-Powered-By: Express
18:14:25.496 [main] DEBUG org.apache.http.headers -- << Access-Control-Allow-Origin: *
18:14:25.496 [main] DEBUG org.apache.http.headers -- << ETag: W/"16a-xZKeJ3eLycGHeWVWaGyvuaSGbWc"
18:14:25.496 [main] DEBUG org.apache.http.headers -- << CF-Cache-Status: DYNAMIC
18:14:25.496 [main] DEBUG org.apache.http.headers -- << Report-To: {"endpoints":[{"url":"https:\/\/a.nel.cloudflare.com\/report\/v4?s=XtbFfaCA4HTwM9j6fPeQmId9Ky0RKxlatuaAxRqEiRsscYypaqU7UQQxVDitlmwNVSFAZngH%2BNJqvfmEWAtPyBa3T%2FrjvtjVbxEzZOENheibR5AL0QCAbsUFO%2FSruOAjKBJay0THTcRkWnY7TGUrHGkT%2F1U%3D"}],"group":"cf-nel","max_age":604800}
18:14:25.497 [main] DEBUG org.apache.http.headers -- << NEL: {"success_fraction":0,"report_to":"cf-nel","max_age":604800}
18:14:25.497 [main] DEBUG org.apache.http.headers -- << Server: cloudflare
18:14:25.497 [main] DEBUG org.apache.http.headers -- << CF-RAY: 8be726ad8c42b515-OSL
18:14:25.497 [main] DEBUG org.apache.http.headers -- << Content-Encoding: gzip
18:14:25.497 [main] DEBUG org.apache.http.headers -- << alt-svc: h3=":443"; ma=86400
18:14:25.497 [main] DEBUG org.apache.http.impl.client.DefaultHttpClient -- Connection can be kept alive indefinitely
18:14:25.498 [main] DEBUG io.restassured.internal.RestAssuredHttpBuilder -- Parsing response as: application/json; charset=utf-8
18:14:25.498 [main] DEBUG org.apache.http.wire --  << "143[\r][\n]"
18:14:25.498 [main] DEBUG org.apache.http.wire --  << "[0x1f][0x8b][0x8][0x0][0x0][0x0][0x0][0x0][0x0][0x3]4[0x8f][0xdb]n[0x82]@[0x14]E[0xa5]9[0xcf][0xc4]pWx[0xaa][0x82]i[0x87][\n]"
18:14:25.498 [main] DEBUG org.apache.http.wire --  << "[0xa6][0x6]/[0xf0]63[0x9c][0xe1]"[0xa2][0x19]J[0x6]4[0xfe]{c[0x93]>[0xee][0x95][0xac][0xac][0xec][0x7][0xf4][0x3][0xe7][0xd8][0xf7][0xe0][0xff][0xc8][0x1]5[0xa0]+[0xbd][0x9e][0xb1][0x3][0x1f]VH%[0xca]7[0x9c][0xa2][0x8a]}[0xf0]z[Gd'FR[0x93][0x9e]t;[0x87][0x7][0xc4]%[0xe7][0xdb][0xe9][0x10]D[0xde][0xc][0xa7][0xe8][0x96][0xbf]@[0x93][0x99]y[0xd8]6Y[0xba][0x9e][0xb6][0xc7][0xc3]9nJ[0x15][0x87][0xcb]1kvUv/[0xc7][0xf8]%_[0xda][0xaa][0x8][0x88][0x1b][0xa7]|J[0xd2][0xbd][0xbe]M[0x97][0xd6]6Pu~[0xaa][0x14]i[0xae]c[0xf2][0x8a][0xa4]{[0x15]7[0xdc][0x16][0xdf]3[0xba][0x89][0x15]YY[0xec]R[0xe7][0xec][0xdc][0x1c][0x95][0xa5][0x96][0xad][0xb5][0xe1]I[0xf9]#"[0xbd]sW[0xd1]:[0x9c]r[0xb7][0xfb]j[0xcd][0x12]4[0x90]($[0xf6][0xd5][0xff][0x7][0xa7][0xf0][0x98][0xed]P[0x97]9b^8[0xae][0xc9][0x98][0x8b][0x16][0xea][0xfa][0xdc]YX[0xac]0<VPC[0x8][0x13]][0xcf][0xd6]=4[0x85]A[0x1d][0x14][0xe8][0x99][0x86]`[0xc6][0x82][0xb2][0x82][0xb]n[0x9a][0xb6]m[0x89][0x85]-[0x98]M[0x5]h0[0xf4]([0xc1][0x0]^h[0xdd][0x82][0xf][0xe3]X[0xc9][0xe1]]*>[0xcc][0xe4][0x0][0x1a]t[0xf4][0x82][0xe0][0xc3]=V[0x87][0xb1][0xfe][0xc]i[0xf][0xcf][0xe7]/[0x0][0x0][0x0][0xff][0xff][0x3][0x0][0xe3][0x82]m{j[0x1][0x0][0x0]"
18:14:25.498 [main] DEBUG org.apache.http.wire --  << "[\r][\n]"
18:14:25.504 [main] DEBUG org.apache.http.wire --  << "0[\r][\n]"
18:14:25.504 [main] DEBUG org.apache.http.wire --  << "[\r][\n]"
18:14:25.505 [main] DEBUG io.restassured.internal.RestAssuredHttpBuilder -- Parsed data to instance of: class org.apache.http.conn.EofSensorInputStream
18:14:25.511 [main] DEBUG org.apache.http.impl.conn.BasicClientConnectionManager -- Releasing connection org.apache.http.impl.conn.ManagedClientConnectionImpl@35e7cdb2
18:14:25.512 [main] DEBUG org.apache.http.impl.conn.BasicClientConnectionManager -- Connection can be kept alive indefinitely
18:14:25.565 [main] DEBUG org.apache.http.impl.conn.BasicClientConnectionManager -- Get connection for route {s}->https://stellarburgers.nomoreparties.site:443
18:14:25.565 [main] DEBUG org.apache.http.impl.conn.DefaultClientConnectionOperator -- Connecting to stellarburgers.nomoreparties.site:443
18:14:25.688 [main] DEBUG org.apache.http.client.protocol.RequestAddCookies -- CookieSpec selected: ignoreCookies
18:14:25.688 [main] DEBUG org.apache.http.client.protocol.RequestAuthCache -- Auth cache not set in the context
18:14:25.688 [main] DEBUG org.apache.http.client.protocol.RequestProxyAuthentication -- Proxy auth state: UNCHALLENGED
18:14:25.688 [main] DEBUG org.apache.http.impl.client.DefaultHttpClient -- Attempt 1 to execute request
18:14:25.688 [main] DEBUG org.apache.http.impl.conn.DefaultClientConnection -- Sending request: DELETE /api/auth/user HTTP/1.1
18:14:25.688 [main] DEBUG org.apache.http.wire --  >> "DELETE /api/auth/user HTTP/1.1[\r][\n]"
18:14:25.689 [main] DEBUG org.apache.http.wire --  >> "Authorization: Bearer eyJhbGciOiJIUzI1NiIsInR5cCI6IkpXVCJ9.eyJpZCI6IjY2ZDljYTEyOWVkMjgwMDAxYjRhYzgxMiIsImlhdCI6MTcyNTU0OTA3OCwiZXhwIjoxNzI1NTUwMjc4fQ.aLMwIB3bmiZbkjWw3wAl3LcNgtfJ0n6BJEDyZ6nKl2g[\r][\n]"
18:14:25.689 [main] DEBUG org.apache.http.wire --  >> "Accept: */*[\r][\n]"
18:14:25.689 [main] DEBUG org.apache.http.wire --  >> "Content-Type: application/json[\r][\n]"
18:14:25.689 [main] DEBUG org.apache.http.wire --  >> "Content-Length: 67[\r][\n]"
18:14:25.689 [main] DEBUG org.apache.http.wire --  >> "Host: stellarburgers.nomoreparties.site[\r][\n]"
18:14:25.689 [main] DEBUG org.apache.http.wire --  >> "Connection: Keep-Alive[\r][\n]"
18:14:25.689 [main] DEBUG org.apache.http.wire --  >> "User-Agent: Apache-HttpClient/4.5.13 (Java/11.0.23)[\r][\n]"
18:14:25.689 [main] DEBUG org.apache.http.wire --  >> "Accept-Encoding: gzip,deflate[\r][\n]"
18:14:25.689 [main] DEBUG org.apache.http.wire --  >> "[\r][\n]"
18:14:25.689 [main] DEBUG org.apache.http.headers -- >> DELETE /api/auth/user HTTP/1.1
18:14:25.689 [main] DEBUG org.apache.http.headers -- >> Authorization: Bearer eyJhbGciOiJIUzI1NiIsInR5cCI6IkpXVCJ9.eyJpZCI6IjY2ZDljYTEyOWVkMjgwMDAxYjRhYzgxMiIsImlhdCI6MTcyNTU0OTA3OCwiZXhwIjoxNzI1NTUwMjc4fQ.aLMwIB3bmiZbkjWw3wAl3LcNgtfJ0n6BJEDyZ6nKl2g
18:14:25.689 [main] DEBUG org.apache.http.headers -- >> Accept: */*
18:14:25.689 [main] DEBUG org.apache.http.headers -- >> Content-Type: application/json
18:14:25.689 [main] DEBUG org.apache.http.headers -- >> Content-Length: 67
18:14:25.689 [main] DEBUG org.apache.http.headers -- >> Host: stellarburgers.nomoreparties.site
18:14:25.689 [main] DEBUG org.apache.http.headers -- >> Connection: Keep-Alive
18:14:25.689 [main] DEBUG org.apache.http.headers -- >> User-Agent: Apache-HttpClient/4.5.13 (Java/11.0.23)
18:14:25.689 [main] DEBUG org.apache.http.headers -- >> Accept-Encoding: gzip,deflate
18:14:25.690 [main] DEBUG org.apache.http.wire --  >> "{"name":"zMwVxiHDas","email":"xxhru@rwcu.ru","password":"SuIYF0zA"}"
18:14:26.136 [main] DEBUG org.apache.http.wire --  << "HTTP/1.1 202 Accepted[\r][\n]"
18:14:26.137 [main] DEBUG org.apache.http.wire --  << "Date: Thu, 05 Sep 2024 15:11:19 GMT[\r][\n]"
18:14:26.137 [main] DEBUG org.apache.http.wire --  << "Content-Type: application/json; charset=utf-8[\r][\n]"
18:14:26.138 [main] DEBUG org.apache.http.wire --  << "Content-Length: 54[\r][\n]"
18:14:26.138 [main] DEBUG org.apache.http.wire --  << "Connection: keep-alive[\r][\n]"
18:14:26.138 [main] DEBUG org.apache.http.wire --  << "X-Powered-By: Express[\r][\n]"
18:14:26.138 [main] DEBUG org.apache.http.wire --  << "Access-Control-Allow-Origin: *[\r][\n]"
18:14:26.138 [main] DEBUG org.apache.http.wire --  << "ETag: W/"36-hDmZnQ3Ou/ynnqAeC6TYmyseuzY"[\r][\n]"
18:14:26.138 [main] DEBUG org.apache.http.wire --  << "CF-Cache-Status: DYNAMIC[\r][\n]"
18:14:26.138 [main] DEBUG org.apache.http.wire --  << "Report-To: {"endpoints":[{"url":"https:\/\/a.nel.cloudflare.com\/report\/v4?s=VKiE40dY3ufZzfeNbg5yKJT%2Fkct%2B%2BxZ2tD6vdSzWbba%2F2ZJ6xWyOUXXvVglK3ImucyTa06TuM4wu0yMPIYD4qoU0nXKgfec09G%2BrFzGv4rgEHGGPwdfCTiaAVDJtU7tPnbgIcqlK3cd3RXX34Rf07ZObN1Q%3D"}],"group":"cf-nel","max_age":604800}[\r][\n]"
18:14:26.138 [main] DEBUG org.apache.http.wire --  << "NEL: {"success_fraction":0,"report_to":"cf-nel","max_age":604800}[\r][\n]"
18:14:26.138 [main] DEBUG org.apache.http.wire --  << "Server: cloudflare[\r][\n]"
18:14:26.138 [main] DEBUG org.apache.http.wire --  << "CF-RAY: 8be726b01c4356bf-OSL[\r][\n]"
18:14:26.139 [main] DEBUG org.apache.http.wire --  << "alt-svc: h3=":443"; ma=86400[\r][\n]"
18:14:26.139 [main] DEBUG org.apache.http.wire --  << "[\r][\n]"
18:14:26.139 [main] DEBUG org.apache.http.impl.conn.DefaultClientConnection -- Receiving response: HTTP/1.1 202 Accepted
18:14:26.139 [main] DEBUG org.apache.http.headers -- << HTTP/1.1 202 Accepted
18:14:26.139 [main] DEBUG org.apache.http.headers -- << Date: Thu, 05 Sep 2024 15:11:19 GMT
18:14:26.139 [main] DEBUG org.apache.http.headers -- << Content-Type: application/json; charset=utf-8
18:14:26.139 [main] DEBUG org.apache.http.headers -- << Content-Length: 54
18:14:26.139 [main] DEBUG org.apache.http.headers -- << Connection: keep-alive
18:14:26.139 [main] DEBUG org.apache.http.headers -- << X-Powered-By: Express
18:14:26.139 [main] DEBUG org.apache.http.headers -- << Access-Control-Allow-Origin: *
18:14:26.139 [main] DEBUG org.apache.http.headers -- << ETag: W/"36-hDmZnQ3Ou/ynnqAeC6TYmyseuzY"
18:14:26.139 [main] DEBUG org.apache.http.headers -- << CF-Cache-Status: DYNAMIC
18:14:26.139 [main] DEBUG org.apache.http.headers -- << Report-To: {"endpoints":[{"url":"https:\/\/a.nel.cloudflare.com\/report\/v4?s=VKiE40dY3ufZzfeNbg5yKJT%2Fkct%2B%2BxZ2tD6vdSzWbba%2F2ZJ6xWyOUXXvVglK3ImucyTa06TuM4wu0yMPIYD4qoU0nXKgfec09G%2BrFzGv4rgEHGGPwdfCTiaAVDJtU7tPnbgIcqlK3cd3RXX34Rf07ZObN1Q%3D"}],"group":"cf-nel","max_age":604800}
18:14:26.140 [main] DEBUG org.apache.http.headers -- << NEL: {"success_fraction":0,"report_to":"cf-nel","max_age":604800}
18:14:26.140 [main] DEBUG org.apache.http.headers -- << Server: cloudflare
18:14:26.140 [main] DEBUG org.apache.http.headers -- << CF-RAY: 8be726b01c4356bf-OSL
18:14:26.140 [main] DEBUG org.apache.http.headers -- << alt-svc: h3=":443"; ma=86400
18:14:26.140 [main] DEBUG org.apache.http.impl.client.DefaultHttpClient -- Connection can be kept alive indefinitely
18:14:26.141 [main] DEBUG io.restassured.internal.RestAssuredHttpBuilder -- Parsing response as: application/json; charset=utf-8
18:14:26.141 [main] DEBUG io.restassured.internal.RestAssuredHttpBuilder -- Parsed data to instance of: class org.apache.http.conn.EofSensorInputStream
]]></system-out>
    <system-err><![CDATA[сент. 05, 2024 6:14:09 PM org.openqa.selenium.devtools.CdpVersionFinder findNearestMatch
WARNING: Unable to find an exact match for CDP version 128, returning the closest version; found: 126; Please update to a Selenium version that supports CDP version 128
]]></system-err>
  </testcase>
  <testcase name="loginTest[3]" classname="LoginTest" time="31.506">
    <system-out><![CDATA[18:14:51.671 [main] DEBUG org.apache.http.impl.conn.BasicClientConnectionManager -- Get connection for route {s}->https://stellarburgers.nomoreparties.site:443
18:14:51.672 [main] DEBUG org.apache.http.impl.conn.DefaultClientConnectionOperator -- Connecting to stellarburgers.nomoreparties.site:443
18:14:52.126 [main] DEBUG org.apache.http.client.protocol.RequestAddCookies -- CookieSpec selected: ignoreCookies
18:14:52.127 [main] DEBUG org.apache.http.client.protocol.RequestAuthCache -- Auth cache not set in the context
18:14:52.127 [main] DEBUG org.apache.http.client.protocol.RequestTargetAuthentication -- Target auth state: UNCHALLENGED
18:14:52.127 [main] DEBUG org.apache.http.client.protocol.RequestProxyAuthentication -- Proxy auth state: UNCHALLENGED
18:14:52.128 [main] DEBUG org.apache.http.impl.client.DefaultHttpClient -- Attempt 1 to execute request
18:14:52.128 [main] DEBUG org.apache.http.impl.conn.DefaultClientConnection -- Sending request: POST /api/auth/register HTTP/1.1
18:14:52.128 [main] DEBUG org.apache.http.wire --  >> "POST /api/auth/register HTTP/1.1[\r][\n]"
18:14:52.128 [main] DEBUG org.apache.http.wire --  >> "Accept: */*[\r][\n]"
18:14:52.129 [main] DEBUG org.apache.http.wire --  >> "Content-Type: application/json[\r][\n]"
18:14:52.129 [main] DEBUG org.apache.http.wire --  >> "Content-Length: 67[\r][\n]"
18:14:52.129 [main] DEBUG org.apache.http.wire --  >> "Host: stellarburgers.nomoreparties.site[\r][\n]"
18:14:52.129 [main] DEBUG org.apache.http.wire --  >> "Connection: Keep-Alive[\r][\n]"
18:14:52.130 [main] DEBUG org.apache.http.wire --  >> "User-Agent: Apache-HttpClient/4.5.13 (Java/11.0.23)[\r][\n]"
18:14:52.130 [main] DEBUG org.apache.http.wire --  >> "Accept-Encoding: gzip,deflate[\r][\n]"
18:14:52.130 [main] DEBUG org.apache.http.wire --  >> "[\r][\n]"
18:14:52.130 [main] DEBUG org.apache.http.headers -- >> POST /api/auth/register HTTP/1.1
18:14:52.130 [main] DEBUG org.apache.http.headers -- >> Accept: */*
18:14:52.130 [main] DEBUG org.apache.http.headers -- >> Content-Type: application/json
18:14:52.130 [main] DEBUG org.apache.http.headers -- >> Content-Length: 67
18:14:52.131 [main] DEBUG org.apache.http.headers -- >> Host: stellarburgers.nomoreparties.site
18:14:52.131 [main] DEBUG org.apache.http.headers -- >> Connection: Keep-Alive
18:14:52.131 [main] DEBUG org.apache.http.headers -- >> User-Agent: Apache-HttpClient/4.5.13 (Java/11.0.23)
18:14:52.131 [main] DEBUG org.apache.http.headers -- >> Accept-Encoding: gzip,deflate
18:14:52.131 [main] DEBUG org.apache.http.wire --  >> "{"name":"XZZvXINXMM","email":"pjhut@navl.ru","password":"Fz7MEHML"}"
18:14:52.315 [main] DEBUG org.apache.http.wire --  << "HTTP/1.1 200 OK[\r][\n]"
18:14:52.316 [main] DEBUG org.apache.http.wire --  << "Date: Thu, 05 Sep 2024 15:11:45 GMT[\r][\n]"
18:14:52.316 [main] DEBUG org.apache.http.wire --  << "Content-Type: application/json; charset=utf-8[\r][\n]"
18:14:52.316 [main] DEBUG org.apache.http.wire --  << "Transfer-Encoding: chunked[\r][\n]"
18:14:52.316 [main] DEBUG org.apache.http.wire --  << "Connection: keep-alive[\r][\n]"
18:14:52.316 [main] DEBUG org.apache.http.wire --  << "X-Powered-By: Express[\r][\n]"
18:14:52.316 [main] DEBUG org.apache.http.wire --  << "Access-Control-Allow-Origin: *[\r][\n]"
18:14:52.316 [main] DEBUG org.apache.http.wire --  << "authorization: Bearer eyJhbGciOiJIUzI1NiIsInR5cCI6IkpXVCJ9.eyJpZCI6IjY2ZDljYTMxOWVkMjgwMDAxYjRhYzgxNiIsImlhdCI6MTcyNTU0OTEwNSwiZXhwIjoxNzI1NTUwMzA1fQ.zXiUZqw6SFp0ag8HcLbfIAYgANJaToEu9y7IlAD9isc[\r][\n]"
18:14:52.316 [main] DEBUG org.apache.http.wire --  << "ETag: W/"16a-0Vge1GBSiFYqyy56Dl/hD7NseOg"[\r][\n]"
18:14:52.316 [main] DEBUG org.apache.http.wire --  << "CF-Cache-Status: DYNAMIC[\r][\n]"
18:14:52.317 [main] DEBUG org.apache.http.wire --  << "Report-To: {"endpoints":[{"url":"https:\/\/a.nel.cloudflare.com\/report\/v4?s=Yd01ts7%2FLZoKwkHgT7UCRoeMOYq4M38gqu9Fh%2BETcEfHC%2FmibxbTeiKrtf1mah1XsY5KMACQgFk4P0OLRA7yp7UYZB7mHhV5M0y3ZUMy1n2OX4z%2FXnuSgBExuwD35VFJpMXpKKRtr12ihHwq3OueJdLPG6Q%3D"}],"group":"cf-nel","max_age":604800}[\r][\n]"
18:14:52.317 [main] DEBUG org.apache.http.wire --  << "NEL: {"success_fraction":0,"report_to":"cf-nel","max_age":604800}[\r][\n]"
18:14:52.317 [main] DEBUG org.apache.http.wire --  << "Server: cloudflare[\r][\n]"
18:14:52.317 [main] DEBUG org.apache.http.wire --  << "CF-RAY: 8be7275558410b02-OSL[\r][\n]"
18:14:52.317 [main] DEBUG org.apache.http.wire --  << "Content-Encoding: gzip[\r][\n]"
18:14:52.317 [main] DEBUG org.apache.http.wire --  << "alt-svc: h3=":443"; ma=86400[\r][\n]"
18:14:52.317 [main] DEBUG org.apache.http.wire --  << "[\r][\n]"
18:14:52.317 [main] DEBUG org.apache.http.impl.conn.DefaultClientConnection -- Receiving response: HTTP/1.1 200 OK
18:14:52.317 [main] DEBUG org.apache.http.headers -- << HTTP/1.1 200 OK
18:14:52.317 [main] DEBUG org.apache.http.headers -- << Date: Thu, 05 Sep 2024 15:11:45 GMT
18:14:52.318 [main] DEBUG org.apache.http.headers -- << Content-Type: application/json; charset=utf-8
18:14:52.318 [main] DEBUG org.apache.http.headers -- << Transfer-Encoding: chunked
18:14:52.318 [main] DEBUG org.apache.http.headers -- << Connection: keep-alive
18:14:52.318 [main] DEBUG org.apache.http.headers -- << X-Powered-By: Express
18:14:52.318 [main] DEBUG org.apache.http.headers -- << Access-Control-Allow-Origin: *
18:14:52.318 [main] DEBUG org.apache.http.headers -- << authorization: Bearer eyJhbGciOiJIUzI1NiIsInR5cCI6IkpXVCJ9.eyJpZCI6IjY2ZDljYTMxOWVkMjgwMDAxYjRhYzgxNiIsImlhdCI6MTcyNTU0OTEwNSwiZXhwIjoxNzI1NTUwMzA1fQ.zXiUZqw6SFp0ag8HcLbfIAYgANJaToEu9y7IlAD9isc
18:14:52.318 [main] DEBUG org.apache.http.headers -- << ETag: W/"16a-0Vge1GBSiFYqyy56Dl/hD7NseOg"
18:14:52.318 [main] DEBUG org.apache.http.headers -- << CF-Cache-Status: DYNAMIC
18:14:52.318 [main] DEBUG org.apache.http.headers -- << Report-To: {"endpoints":[{"url":"https:\/\/a.nel.cloudflare.com\/report\/v4?s=Yd01ts7%2FLZoKwkHgT7UCRoeMOYq4M38gqu9Fh%2BETcEfHC%2FmibxbTeiKrtf1mah1XsY5KMACQgFk4P0OLRA7yp7UYZB7mHhV5M0y3ZUMy1n2OX4z%2FXnuSgBExuwD35VFJpMXpKKRtr12ihHwq3OueJdLPG6Q%3D"}],"group":"cf-nel","max_age":604800}
18:14:52.318 [main] DEBUG org.apache.http.headers -- << NEL: {"success_fraction":0,"report_to":"cf-nel","max_age":604800}
18:14:52.318 [main] DEBUG org.apache.http.headers -- << Server: cloudflare
18:14:52.318 [main] DEBUG org.apache.http.headers -- << CF-RAY: 8be7275558410b02-OSL
18:14:52.319 [main] DEBUG org.apache.http.headers -- << Content-Encoding: gzip
18:14:52.319 [main] DEBUG org.apache.http.headers -- << alt-svc: h3=":443"; ma=86400
18:14:52.319 [main] DEBUG org.apache.http.impl.client.DefaultHttpClient -- Connection can be kept alive indefinitely
18:14:52.320 [main] DEBUG io.restassured.internal.RestAssuredHttpBuilder -- Parsing response as: application/json; charset=utf-8
18:14:52.320 [main] DEBUG org.apache.http.wire --  << "143[\r][\n]"
18:14:52.320 [main] DEBUG org.apache.http.wire --  << "[0x1f][0x8b][0x8][0x0][0x0][0x0][0x0][0x0][0x0][0x3]4[0x8f][0xc1]n[0x82]@[0x14]E[0xa5]ykc@[0xca][0xc][0xb0]*U[0xdb][0xe])[0x98]*[0xb6][0xc0]nfx# "[0x5][0x11][0xc4][0xf8][0xef][0x8d]&[0xdd][0xde][0xe4][0x9c][0x93]{[0x85][0xb6][0x93][0x12][0xdb][0x16][0x9c]S[0xd3][0xe1][0x4][0xba][0x16][0x1b]p[0xae][0x80][0x7][0x9e][0x97][0xe0]@]d[0xdd][0xe9][0xa5][0xe2][0xe7]r[0xda]t0[0x81][0x8a][0x1f][0x10][0x1c][0x88][0x92][0xe4][0x1c][0xb1] [0xf2]}[0xb8]M[0x80]?[0x14][0xe1]q[0x8f][0x15]8[0xf0][0x8a][0xbc][0xc1][0xe6][0x9]/^&[0xde]e[0xbe][0xca]=[0xb6][0x1d][0x99][0x1e][0xe4][0xac]e[0xd5][0xda][0x94]sF[0xd8][0xbe][0x8e][0xbe][0xe7][0x9e]=[0xc5][0x8b]W'[0xf7][0xa1][0x88]g[0xc9][0xa2],[0xe2][0xd0][0x1f]V?[0xdf]{[0xbf][0xd8][0xf5][0xfe][0xc2][0x1d][0xe2]b[0x9d][0xc5][0xe3]nx[0xc0][0x87]2K[0xe7][0x8c][0xf8][0xa1][0xbc][0x4][0xe1]V[[0x85][0xcb]>[0xd8][0xf4]y[0x12]e=+[0x8e]Cp[0x8f][0x84][0xdb][0xde][0x1f]]]}M[0xc7]([0xdf]&[0xbf]=[0xd9][0xbc][0xd5][0x1a][0xdf]Y[0x1f][0xf2]S([0xe6][0xc6];7[0xf0]xx\v[0xf6][0x85][0xb2][0xd2]][0xd8]y+a[0x2][\r][0xaa][0x6][0xdb][0xec][0xff][0x83][0xa0][0x8a][0xdb]\hjf[0x11]bh[0xcf][0xca][0x9e][0xd9][0xd2][0x9c][0x99][0x2]5CQ[0x8a]D[0xa4]B[0xc7][0x14][0x9][0xa5]B[0xd3][0x89]4[0xb8]!,[0xdb][0xe2]H-b[0xa6][0x94][0x9a][0xc4][0xd2]5[0x83]Pb[0x99][0x6]*[0x92][0xc2][0xed][0xf][0x0][0x0][0xff][0xff][0x3][0x0][0xfd]?[0xc2]/j[0x1][0x0][0x0]"
18:14:52.321 [main] DEBUG org.apache.http.wire --  << "[\r][\n]"
18:14:52.331 [main] DEBUG org.apache.http.wire --  << "0[\r][\n]"
18:14:52.332 [main] DEBUG org.apache.http.wire --  << "[\r][\n]"
18:14:52.333 [main] DEBUG io.restassured.internal.RestAssuredHttpBuilder -- Parsed data to instance of: class org.apache.http.conn.EofSensorInputStream
18:14:56.685 [main] DEBUG org.apache.http.impl.conn.BasicClientConnectionManager -- Get connection for route {s}->https://stellarburgers.nomoreparties.site:443
18:14:56.685 [main] DEBUG org.apache.http.impl.conn.DefaultClientConnectionOperator -- Connecting to stellarburgers.nomoreparties.site:443
18:14:56.822 [main] DEBUG org.apache.http.client.protocol.RequestAddCookies -- CookieSpec selected: ignoreCookies
18:14:56.822 [main] DEBUG org.apache.http.client.protocol.RequestAuthCache -- Auth cache not set in the context
18:14:56.822 [main] DEBUG org.apache.http.client.protocol.RequestTargetAuthentication -- Target auth state: UNCHALLENGED
18:14:56.822 [main] DEBUG org.apache.http.client.protocol.RequestProxyAuthentication -- Proxy auth state: UNCHALLENGED
18:14:56.822 [main] DEBUG org.apache.http.impl.client.DefaultHttpClient -- Attempt 1 to execute request
18:14:56.822 [main] DEBUG org.apache.http.impl.conn.DefaultClientConnection -- Sending request: POST /api/auth/login HTTP/1.1
18:14:56.822 [main] DEBUG org.apache.http.wire --  >> "POST /api/auth/login HTTP/1.1[\r][\n]"
18:14:56.822 [main] DEBUG org.apache.http.wire --  >> "Accept: */*[\r][\n]"
18:14:56.822 [main] DEBUG org.apache.http.wire --  >> "Content-Type: application/json[\r][\n]"
18:14:56.822 [main] DEBUG org.apache.http.wire --  >> "Content-Length: 67[\r][\n]"
18:14:56.822 [main] DEBUG org.apache.http.wire --  >> "Host: stellarburgers.nomoreparties.site[\r][\n]"
18:14:56.822 [main] DEBUG org.apache.http.wire --  >> "Connection: Keep-Alive[\r][\n]"
18:14:56.822 [main] DEBUG org.apache.http.wire --  >> "User-Agent: Apache-HttpClient/4.5.13 (Java/11.0.23)[\r][\n]"
18:14:56.822 [main] DEBUG org.apache.http.wire --  >> "Accept-Encoding: gzip,deflate[\r][\n]"
18:14:56.822 [main] DEBUG org.apache.http.wire --  >> "[\r][\n]"
18:14:56.822 [main] DEBUG org.apache.http.headers -- >> POST /api/auth/login HTTP/1.1
18:14:56.822 [main] DEBUG org.apache.http.headers -- >> Accept: */*
18:14:56.822 [main] DEBUG org.apache.http.headers -- >> Content-Type: application/json
18:14:56.822 [main] DEBUG org.apache.http.headers -- >> Content-Length: 67
18:14:56.822 [main] DEBUG org.apache.http.headers -- >> Host: stellarburgers.nomoreparties.site
18:14:56.822 [main] DEBUG org.apache.http.headers -- >> Connection: Keep-Alive
18:14:56.822 [main] DEBUG org.apache.http.headers -- >> User-Agent: Apache-HttpClient/4.5.13 (Java/11.0.23)
18:14:56.822 [main] DEBUG org.apache.http.headers -- >> Accept-Encoding: gzip,deflate
18:14:56.822 [main] DEBUG org.apache.http.wire --  >> "{"name":"XZZvXINXMM","email":"pjhut@navl.ru","password":"Fz7MEHML"}"
18:14:56.975 [main] DEBUG org.apache.http.wire --  << "HTTP/1.1 200 OK[\r][\n]"
18:14:56.975 [main] DEBUG org.apache.http.wire --  << "Date: Thu, 05 Sep 2024 15:11:50 GMT[\r][\n]"
18:14:56.975 [main] DEBUG org.apache.http.wire --  << "Content-Type: application/json; charset=utf-8[\r][\n]"
18:14:56.975 [main] DEBUG org.apache.http.wire --  << "Transfer-Encoding: chunked[\r][\n]"
18:14:56.976 [main] DEBUG org.apache.http.wire --  << "Connection: keep-alive[\r][\n]"
18:14:56.976 [main] DEBUG org.apache.http.wire --  << "X-Powered-By: Express[\r][\n]"
18:14:56.976 [main] DEBUG org.apache.http.wire --  << "Access-Control-Allow-Origin: *[\r][\n]"
18:14:56.976 [main] DEBUG org.apache.http.wire --  << "ETag: W/"16a-IoOUjhDeKMnXB5SdSWQAxtEQSTY"[\r][\n]"
18:14:56.976 [main] DEBUG org.apache.http.wire --  << "CF-Cache-Status: DYNAMIC[\r][\n]"
18:14:56.976 [main] DEBUG org.apache.http.wire --  << "Report-To: {"endpoints":[{"url":"https:\/\/a.nel.cloudflare.com\/report\/v4?s=9FgMXKgdRlPRYk8js4vPjZtDg6BqwIiBxwI67DiyqKwqaLdWeU0ILppsQqns%2BGylAsY1yd2QkU7JPQNJHnQgo8CRGxPzVfchv0aWMA4CFfxHOUxdoe5P0Gfqb%2Fr3ugzxbZcOevO%2BMXhAwh4NiRRpmOWu3Zo%3D"}],"group":"cf-nel","max_age":604800}[\r][\n]"
18:14:56.976 [main] DEBUG org.apache.http.wire --  << "NEL: {"success_fraction":0,"report_to":"cf-nel","max_age":604800}[\r][\n]"
18:14:56.976 [main] DEBUG org.apache.http.wire --  << "Server: cloudflare[\r][\n]"
18:14:56.977 [main] DEBUG org.apache.http.wire --  << "CF-RAY: 8be72772a814712d-OSL[\r][\n]"
18:14:56.977 [main] DEBUG org.apache.http.wire --  << "Content-Encoding: gzip[\r][\n]"
18:14:56.979 [main] DEBUG org.apache.http.wire --  << "alt-svc: h3=":443"; ma=86400[\r][\n]"
18:14:56.979 [main] DEBUG org.apache.http.wire --  << "[\r][\n]"
18:14:56.980 [main] DEBUG org.apache.http.impl.conn.DefaultClientConnection -- Receiving response: HTTP/1.1 200 OK
18:14:56.980 [main] DEBUG org.apache.http.headers -- << HTTP/1.1 200 OK
18:14:56.980 [main] DEBUG org.apache.http.headers -- << Date: Thu, 05 Sep 2024 15:11:50 GMT
18:14:56.980 [main] DEBUG org.apache.http.headers -- << Content-Type: application/json; charset=utf-8
18:14:56.980 [main] DEBUG org.apache.http.headers -- << Transfer-Encoding: chunked
18:14:56.980 [main] DEBUG org.apache.http.headers -- << Connection: keep-alive
18:14:56.980 [main] DEBUG org.apache.http.headers -- << X-Powered-By: Express
18:14:56.980 [main] DEBUG org.apache.http.headers -- << Access-Control-Allow-Origin: *
18:14:56.980 [main] DEBUG org.apache.http.headers -- << ETag: W/"16a-IoOUjhDeKMnXB5SdSWQAxtEQSTY"
18:14:56.981 [main] DEBUG org.apache.http.headers -- << CF-Cache-Status: DYNAMIC
18:14:56.981 [main] DEBUG org.apache.http.headers -- << Report-To: {"endpoints":[{"url":"https:\/\/a.nel.cloudflare.com\/report\/v4?s=9FgMXKgdRlPRYk8js4vPjZtDg6BqwIiBxwI67DiyqKwqaLdWeU0ILppsQqns%2BGylAsY1yd2QkU7JPQNJHnQgo8CRGxPzVfchv0aWMA4CFfxHOUxdoe5P0Gfqb%2Fr3ugzxbZcOevO%2BMXhAwh4NiRRpmOWu3Zo%3D"}],"group":"cf-nel","max_age":604800}
18:14:56.981 [main] DEBUG org.apache.http.headers -- << NEL: {"success_fraction":0,"report_to":"cf-nel","max_age":604800}
18:14:56.981 [main] DEBUG org.apache.http.headers -- << Server: cloudflare
18:14:56.981 [main] DEBUG org.apache.http.headers -- << CF-RAY: 8be72772a814712d-OSL
18:14:56.981 [main] DEBUG org.apache.http.headers -- << Content-Encoding: gzip
18:14:56.981 [main] DEBUG org.apache.http.headers -- << alt-svc: h3=":443"; ma=86400
18:14:56.982 [main] DEBUG org.apache.http.impl.client.DefaultHttpClient -- Connection can be kept alive indefinitely
18:14:56.982 [main] DEBUG io.restassured.internal.RestAssuredHttpBuilder -- Parsing response as: application/json; charset=utf-8
18:14:56.982 [main] DEBUG org.apache.http.wire --  << "145[\r][\n]"
18:14:56.983 [main] DEBUG org.apache.http.wire --  << "[0x1f][0x8b][0x8][0x0][0x0][0x0][0x0][0x0][0x0][0x3]4[0x8f][0xcd]n[0x82]@[0x14]F_[0xa5][0xb9]kb[0x18][0x6]p`[0xd5][0xfa]S3[0x18][0xa4]5h[0x91]M3[0xc][0x17][0x1]E[0xcd][0x8c][0x8]j|[0xf7]F[0x93].[0xbf][0x93][0x9c][0x9c]|w[0xd0][0xad][0x94][0xa8]5[0xf8]g[0xd5][0xa2][0x1][0xe2][0xb5][0xe2][0xe3][0xe][0xf][0xe0][0xc3][0x8][0x85]B[0xf5][0x86][0xd7][0xa0][0xcc]f[0xb2][0x8a][0xaa][0x80][0xaf]n[0x9c],*[0xae][0xf9]a[0xe9][0xc8]1w[0xf9][0xee][0x94][0xac][0xc7][0x81]7[0xc0]kpJ[0x9f][0xa0][0xde]X[0xe9]d_o[0xe2][0xb0][0x8f]~[0xd6][0xbb][0xb0][0xde]v[0xe1][0xe4][0xa3][0xdf][0xd4][0xcb]rs[0xdb][0xf6]/[0xb9][0xd9][0x97][0xf9][0x98][0xbb]a,[0xaf][0x8b]xeF[0xf1][0xb4][0xf][0xc7]][0x95]&e[0xc7][0xeb]c[0xbf]xF[0xe2]U[0x17][0xde][0xa6]][0xf1]=p[0x12]]G[0xb2]W[0x9f][0xd3]vt[0xfb][0x9e][0xe0]9hZW[0x9f]U[0xe3]L~gy[0xbc][0xfd][0xd2]+s[0x1e]1[0x1a][0xcf]9[0x18][0xa0][0xb0]P[0xa8][0xcb][0xff][0xf][0xf9][0xb0]0[0xc5][0xd0][0xa3][0xb6]03Id[0x8e]C[0x13]Q2[0xcf][0x93]L:v[0x91][0xa3][0xcd][0x8][0x93][0x84]8[0x19]ehe[0xc4]v2[0xe9][0xba][0x14][0x91][0x11][0xe6][0x98][0x84][0xb9][0x94][0x16][0x1e][0x15][0xae][0xe5]X[0xc2][0xa3][0x84][0x80][0x1][0xad]F[0x5][0xfe][0x1d][0xb0][0x11][0xd5][0x1e]|8[0xd5]e{~?[0x88][0xcb]~[0xa0]Z0[0xe0] [0x1a][0x4][0x1f][0x92]4[0xbd]$|[0x91][0x84]!<[0x1e][0x0][0x0][0x0][0xff][0xff][0x3][0x0][0xab][[0xf8]uj[0x1][0x0][0x0]"
18:14:56.983 [main] DEBUG org.apache.http.wire --  << "[\r][\n]"
18:14:56.990 [main] DEBUG org.apache.http.wire --  << "0[\r][\n]"
18:14:56.991 [main] DEBUG org.apache.http.wire --  << "[\r][\n]"
18:14:56.991 [main] DEBUG io.restassured.internal.RestAssuredHttpBuilder -- Parsed data to instance of: class org.apache.http.conn.EofSensorInputStream
18:14:56.994 [main] DEBUG org.apache.http.impl.conn.BasicClientConnectionManager -- Releasing connection org.apache.http.impl.conn.ManagedClientConnectionImpl@2e3fdf30
18:14:56.994 [main] DEBUG org.apache.http.impl.conn.BasicClientConnectionManager -- Connection can be kept alive indefinitely
18:14:57.036 [Finalizer] DEBUG org.apache.http.impl.conn.DefaultClientConnection -- Connection 0.0.0.0:52018<->104.21.57.42:443 closed
18:14:57.040 [Finalizer] DEBUG org.apache.http.impl.conn.DefaultClientConnection -- Connection 0.0.0.0:52096<->104.21.57.42:443 closed
18:14:57.044 [Finalizer] DEBUG org.apache.http.impl.conn.DefaultClientConnection -- Connection 0.0.0.0:52057<->104.21.57.42:443 closed
18:14:57.046 [Finalizer] DEBUG org.apache.http.impl.conn.DefaultClientConnection -- Connection 0.0.0.0:52063<->104.21.57.42:443 closed
18:14:57.051 [Finalizer] DEBUG org.apache.http.impl.conn.DefaultClientConnection -- Connection 0.0.0.0:52064<->104.21.57.42:443 closed
18:14:57.056 [Finalizer] DEBUG org.apache.http.impl.conn.DefaultClientConnection -- Connection 0.0.0.0:52029<->104.21.57.42:443 closed
18:14:57.058 [Finalizer] DEBUG org.apache.http.impl.conn.DefaultClientConnection -- Connection 0.0.0.0:52030<->104.21.57.42:443 closed
18:14:57.086 [main] DEBUG org.apache.http.impl.conn.BasicClientConnectionManager -- Get connection for route {s}->https://stellarburgers.nomoreparties.site:443
18:14:57.086 [main] DEBUG org.apache.http.impl.conn.DefaultClientConnectionOperator -- Connecting to stellarburgers.nomoreparties.site:443
18:14:57.210 [main] DEBUG org.apache.http.client.protocol.RequestAddCookies -- CookieSpec selected: ignoreCookies
18:14:57.210 [main] DEBUG org.apache.http.client.protocol.RequestAuthCache -- Auth cache not set in the context
18:14:57.210 [main] DEBUG org.apache.http.client.protocol.RequestProxyAuthentication -- Proxy auth state: UNCHALLENGED
18:14:57.211 [main] DEBUG org.apache.http.impl.client.DefaultHttpClient -- Attempt 1 to execute request
18:14:57.211 [main] DEBUG org.apache.http.impl.conn.DefaultClientConnection -- Sending request: DELETE /api/auth/user HTTP/1.1
18:14:57.211 [main] DEBUG org.apache.http.wire --  >> "DELETE /api/auth/user HTTP/1.1[\r][\n]"
18:14:57.211 [main] DEBUG org.apache.http.wire --  >> "Authorization: Bearer eyJhbGciOiJIUzI1NiIsInR5cCI6IkpXVCJ9.eyJpZCI6IjY2ZDljYTMxOWVkMjgwMDAxYjRhYzgxNiIsImlhdCI6MTcyNTU0OTExMCwiZXhwIjoxNzI1NTUwMzEwfQ.5XsjOcxrFEuBzQDetJmu6strm5D_GdTgPsU0KO83TKI[\r][\n]"
18:14:57.211 [main] DEBUG org.apache.http.wire --  >> "Accept: */*[\r][\n]"
18:14:57.211 [main] DEBUG org.apache.http.wire --  >> "Content-Type: application/json[\r][\n]"
18:14:57.211 [main] DEBUG org.apache.http.wire --  >> "Content-Length: 67[\r][\n]"
18:14:57.211 [main] DEBUG org.apache.http.wire --  >> "Host: stellarburgers.nomoreparties.site[\r][\n]"
18:14:57.211 [main] DEBUG org.apache.http.wire --  >> "Connection: Keep-Alive[\r][\n]"
18:14:57.211 [main] DEBUG org.apache.http.wire --  >> "User-Agent: Apache-HttpClient/4.5.13 (Java/11.0.23)[\r][\n]"
18:14:57.211 [main] DEBUG org.apache.http.wire --  >> "Accept-Encoding: gzip,deflate[\r][\n]"
18:14:57.211 [main] DEBUG org.apache.http.wire --  >> "[\r][\n]"
18:14:57.211 [main] DEBUG org.apache.http.headers -- >> DELETE /api/auth/user HTTP/1.1
18:14:57.211 [main] DEBUG org.apache.http.headers -- >> Authorization: Bearer eyJhbGciOiJIUzI1NiIsInR5cCI6IkpXVCJ9.eyJpZCI6IjY2ZDljYTMxOWVkMjgwMDAxYjRhYzgxNiIsImlhdCI6MTcyNTU0OTExMCwiZXhwIjoxNzI1NTUwMzEwfQ.5XsjOcxrFEuBzQDetJmu6strm5D_GdTgPsU0KO83TKI
18:14:57.211 [main] DEBUG org.apache.http.headers -- >> Accept: */*
18:14:57.211 [main] DEBUG org.apache.http.headers -- >> Content-Type: application/json
18:14:57.211 [main] DEBUG org.apache.http.headers -- >> Content-Length: 67
18:14:57.211 [main] DEBUG org.apache.http.headers -- >> Host: stellarburgers.nomoreparties.site
18:14:57.211 [main] DEBUG org.apache.http.headers -- >> Connection: Keep-Alive
18:14:57.211 [main] DEBUG org.apache.http.headers -- >> User-Agent: Apache-HttpClient/4.5.13 (Java/11.0.23)
18:14:57.212 [main] DEBUG org.apache.http.headers -- >> Accept-Encoding: gzip,deflate
18:14:57.212 [main] DEBUG org.apache.http.wire --  >> "{"name":"XZZvXINXMM","email":"pjhut@navl.ru","password":"Fz7MEHML"}"
18:14:57.651 [main] DEBUG org.apache.http.wire --  << "HTTP/1.1 202 Accepted[\r][\n]"
18:14:57.651 [main] DEBUG org.apache.http.wire --  << "Date: Thu, 05 Sep 2024 15:11:50 GMT[\r][\n]"
18:14:57.651 [main] DEBUG org.apache.http.wire --  << "Content-Type: application/json; charset=utf-8[\r][\n]"
18:14:57.651 [main] DEBUG org.apache.http.wire --  << "Content-Length: 54[\r][\n]"
18:14:57.651 [main] DEBUG org.apache.http.wire --  << "Connection: keep-alive[\r][\n]"
18:14:57.652 [main] DEBUG org.apache.http.wire --  << "X-Powered-By: Express[\r][\n]"
18:14:57.652 [main] DEBUG org.apache.http.wire --  << "Access-Control-Allow-Origin: *[\r][\n]"
18:14:57.652 [main] DEBUG org.apache.http.wire --  << "ETag: W/"36-hDmZnQ3Ou/ynnqAeC6TYmyseuzY"[\r][\n]"
18:14:57.652 [main] DEBUG org.apache.http.wire --  << "CF-Cache-Status: DYNAMIC[\r][\n]"
18:14:57.652 [main] DEBUG org.apache.http.wire --  << "Report-To: {"endpoints":[{"url":"https:\/\/a.nel.cloudflare.com\/report\/v4?s=hWn6Z6Xy%2B4x%2FlNZvoRazvVexv77Dlnq9RyiWOzQg3UfEfB4NEMUhCz41ypVv%2BMeeW3UiuahU6m8p8X2GUF%2F7uS9ibeTJYIQNgoFtybUtr%2FjWq2wK%2B2piaUkgPkKjUn5hl4ceNAwf99LadaDkWJK7O58I6lM%3D"}],"group":"cf-nel","max_age":604800}[\r][\n]"
18:14:57.652 [main] DEBUG org.apache.http.wire --  << "NEL: {"success_fraction":0,"report_to":"cf-nel","max_age":604800}[\r][\n]"
18:14:57.652 [main] DEBUG org.apache.http.wire --  << "Server: cloudflare[\r][\n]"
18:14:57.652 [main] DEBUG org.apache.http.wire --  << "CF-RAY: 8be727751af75689-OSL[\r][\n]"
18:14:57.652 [main] DEBUG org.apache.http.wire --  << "alt-svc: h3=":443"; ma=86400[\r][\n]"
18:14:57.652 [main] DEBUG org.apache.http.wire --  << "[\r][\n]"
18:14:57.652 [main] DEBUG org.apache.http.impl.conn.DefaultClientConnection -- Receiving response: HTTP/1.1 202 Accepted
18:14:57.652 [main] DEBUG org.apache.http.headers -- << HTTP/1.1 202 Accepted
18:14:57.652 [main] DEBUG org.apache.http.headers -- << Date: Thu, 05 Sep 2024 15:11:50 GMT
18:14:57.652 [main] DEBUG org.apache.http.headers -- << Content-Type: application/json; charset=utf-8
18:14:57.652 [main] DEBUG org.apache.http.headers -- << Content-Length: 54
18:14:57.652 [main] DEBUG org.apache.http.headers -- << Connection: keep-alive
18:14:57.653 [main] DEBUG org.apache.http.headers -- << X-Powered-By: Express
18:14:57.653 [main] DEBUG org.apache.http.headers -- << Access-Control-Allow-Origin: *
18:14:57.653 [main] DEBUG org.apache.http.headers -- << ETag: W/"36-hDmZnQ3Ou/ynnqAeC6TYmyseuzY"
18:14:57.653 [main] DEBUG org.apache.http.headers -- << CF-Cache-Status: DYNAMIC
18:14:57.653 [main] DEBUG org.apache.http.headers -- << Report-To: {"endpoints":[{"url":"https:\/\/a.nel.cloudflare.com\/report\/v4?s=hWn6Z6Xy%2B4x%2FlNZvoRazvVexv77Dlnq9RyiWOzQg3UfEfB4NEMUhCz41ypVv%2BMeeW3UiuahU6m8p8X2GUF%2F7uS9ibeTJYIQNgoFtybUtr%2FjWq2wK%2B2piaUkgPkKjUn5hl4ceNAwf99LadaDkWJK7O58I6lM%3D"}],"group":"cf-nel","max_age":604800}
18:14:57.653 [main] DEBUG org.apache.http.headers -- << NEL: {"success_fraction":0,"report_to":"cf-nel","max_age":604800}
18:14:57.653 [main] DEBUG org.apache.http.headers -- << Server: cloudflare
18:14:57.653 [main] DEBUG org.apache.http.headers -- << CF-RAY: 8be727751af75689-OSL
18:14:57.653 [main] DEBUG org.apache.http.headers -- << alt-svc: h3=":443"; ma=86400
18:14:57.653 [main] DEBUG org.apache.http.impl.client.DefaultHttpClient -- Connection can be kept alive indefinitely
18:14:57.653 [main] DEBUG io.restassured.internal.RestAssuredHttpBuilder -- Parsing response as: application/json; charset=utf-8
18:14:57.654 [main] DEBUG io.restassured.internal.RestAssuredHttpBuilder -- Parsed data to instance of: class org.apache.http.conn.EofSensorInputStream
]]></system-out>
    <system-err><![CDATA[сент. 05, 2024 6:14:29 PM org.openqa.selenium.devtools.CdpVersionFinder findNearestMatch
WARNING: Unable to find an exact match for CDP version 128, returning the closest version; found: 126; Please update to a Selenium version that supports CDP version 128
]]></system-err>
  </testcase>
</testsuite>